This is pdfTeX, Version 3.141592653-2.6-1.40.24 (TeX Live 2022) (preloaded format=pdflatex 2022.6.11)  19 NOV 2022 12:01
entering extended mode
 restricted \write18 enabled.
 %&-line parsing enabled.
**hw.tex
(./hw.tex
LaTeX2e <2021-11-15> patch level 1
L3 programming layer <2022-02-24> (./hw.cls
Document Class: hw 2019/09/26 v0.0.2 The LaTeX template for homework
Document Class `hw' v0.0.2 by SXKDZ (2019/09/26)
(d:/4_LaTex/texlive/2022/texmf-dist/tex/latex/ctex/ctexart.cls
(d:/4_LaTex/texlive/2022/texmf-dist/tex/latex/ctex/config/ctexbackend.cfg
File: ctexbackend.cfg 2021/12/12 v2.5.8 Backend configuration file (CTEX)
)
(d:/4_LaTex/texlive/2022/texmf-dist/tex/latex/l3kernel/expl3.sty
Package: expl3 2022-02-24 L3 programming layer (loader) 

(d:/4_LaTex/texlive/2022/texmf-dist/tex/latex/l3backend/l3backend-pdftex.def
File: l3backend-pdftex.def 2022-02-07 L3 backend support: PDF output (pdfTeX)
\l__color_backend_stack_int=\count185
\l__pdf_internal_box=\box50
))
Document Class: ctexart 2021/12/12 v2.5.8 Chinese adapter for class article (CT
EX)
(d:/4_LaTex/texlive/2022/texmf-dist/tex/latex/l3packages/xparse/xparse.sty
Package: xparse 2022-01-12 L3 Experimental document command parser
)
(d:/4_LaTex/texlive/2022/texmf-dist/tex/latex/l3packages/l3keys2e/l3keys2e.sty
Package: l3keys2e 2022-01-12 LaTeX2e option processing using LaTeX3 keys
) (d:/4_LaTex/texlive/2022/texmf-dist/tex/latex/ctex/ctexhook.sty
Package: ctexhook 2021/12/12 v2.5.8 Document and package hooks (CTEX)
)
(d:/4_LaTex/texlive/2022/texmf-dist/tex/latex/ctex/ctexpatch.sty
Package: ctexpatch 2021/12/12 v2.5.8 Patching commands (CTEX)
)
(d:/4_LaTex/texlive/2022/texmf-dist/tex/latex/base/fix-cm.sty
Package: fix-cm 2020/11/24 v1.1t fixes to LaTeX

(d:/4_LaTex/texlive/2022/texmf-dist/tex/latex/base/ts1enc.def
File: ts1enc.def 2001/06/05 v3.0e (jk/car/fm) Standard LaTeX file
LaTeX Font Info:    Redeclaring font encoding TS1 on input line 47.
))
\l__ctex_tmp_int=\count186
\l__ctex_tmp_box=\box51
\l__ctex_tmp_dim=\dimen138
\g__ctex_section_depth_int=\count187
\g__ctex_font_size_int=\count188

(d:/4_LaTex/texlive/2022/texmf-dist/tex/latex/ctex/config/ctexopts.cfg
File: ctexopts.cfg 2021/12/12 v2.5.8 Option configuration file (CTEX)
)

Package ctex Warning: UTF8 will be used as the default encoding.

(d:/4_LaTex/texlive/2022/texmf-dist/tex/latex/base/article.cls
Document Class: article 2021/10/04 v1.4n Standard LaTeX document class
(d:/4_LaTex/texlive/2022/texmf-dist/tex/latex/base/size10.clo
File: size10.clo 2021/10/04 v1.4n Standard LaTeX file (size option)
)
\c@part=\count189
\c@section=\count190
\c@subsection=\count191
\c@subsubsection=\count192
\c@paragraph=\count193
\c@subparagraph=\count194
\c@figure=\count195
\c@table=\count196
\abovecaptionskip=\skip47
\belowcaptionskip=\skip48
\bibindent=\dimen139
)
(d:/4_LaTex/texlive/2022/texmf-dist/tex/latex/ctex/engine/ctex-engine-pdftex.de
f
File: ctex-engine-pdftex.def 2021/12/12 v2.5.8 (pdf)LaTeX adapter (CTEX)
 (d:/4_LaTex/texlive/2022/texmf-dist/tex/latex/cjk/texinput/CJKutf8.sty
Package: CJKutf8 2021/10/16 4.8.5

(d:/4_LaTex/texlive/2022/texmf-dist/tex/generic/iftex/ifpdf.sty
Package: ifpdf 2019/10/25 v3.4 ifpdf legacy package. Use iftex instead.

(d:/4_LaTex/texlive/2022/texmf-dist/tex/generic/iftex/iftex.sty
Package: iftex 2022/02/03 v1.0f TeX engine tests
))
(d:/4_LaTex/texlive/2022/texmf-dist/tex/latex/base/inputenc.sty
Package: inputenc 2021/02/14 v1.3d Input encoding file
\inpenc@prehook=\toks16
\inpenc@posthook=\toks17
)
(d:/4_LaTex/texlive/2022/texmf-dist/tex/latex/cjk/texinput/CJK.sty
Package: CJK 2021/10/16 4.8.5

(d:/4_LaTex/texlive/2022/texmf-dist/tex/latex/cjk/texinput/mule/MULEenc.sty
Package: MULEenc 2021/10/16 4.8.5
)
(d:/4_LaTex/texlive/2022/texmf-dist/tex/latex/cjk/texinput/CJK.enc
File: CJK.enc 2021/10/16 4.8.5
Now handling font encoding C00 ...
... no UTF-8 mapping file for font encoding C00
Now handling font encoding C05 ...
... no UTF-8 mapping file for font encoding C05
Now handling font encoding C09 ...
... no UTF-8 mapping file for font encoding C09
Now handling font encoding C10 ...
... no UTF-8 mapping file for font encoding C10
Now handling font encoding C20 ...
... no UTF-8 mapping file for font encoding C20
Now handling font encoding C19 ...
... no UTF-8 mapping file for font encoding C19
Now handling font encoding C40 ...
... no UTF-8 mapping file for font encoding C40
Now handling font encoding C42 ...
... no UTF-8 mapping file for font encoding C42
Now handling font encoding C43 ...
... no UTF-8 mapping file for font encoding C43
Now handling font encoding C50 ...
... no UTF-8 mapping file for font encoding C50
Now handling font encoding C52 ...
... no UTF-8 mapping file for font encoding C52
Now handling font encoding C49 ...
... no UTF-8 mapping file for font encoding C49
Now handling font encoding C60 ...
... no UTF-8 mapping file for font encoding C60
Now handling font encoding C61 ...
... no UTF-8 mapping file for font encoding C61
Now handling font encoding C63 ...
... no UTF-8 mapping file for font encoding C63
Now handling font encoding C64 ...
... no UTF-8 mapping file for font encoding C64
Now handling font encoding C65 ...
... no UTF-8 mapping file for font encoding C65
Now handling font encoding C70 ...
... no UTF-8 mapping file for font encoding C70
Now handling font encoding C31 ...
... no UTF-8 mapping file for font encoding C31
Now handling font encoding C32 ...
... no UTF-8 mapping file for font encoding C32
Now handling font encoding C33 ...
... no UTF-8 mapping file for font encoding C33
Now handling font encoding C34 ...
... no UTF-8 mapping file for font encoding C34
Now handling font encoding C35 ...
... no UTF-8 mapping file for font encoding C35
Now handling font encoding C36 ...
... no UTF-8 mapping file for font encoding C36
Now handling font encoding C37 ...
... no UTF-8 mapping file for font encoding C37
Now handling font encoding C80 ...
... no UTF-8 mapping file for font encoding C80
Now handling font encoding C81 ...
... no UTF-8 mapping file for font encoding C81
Now handling font encoding C01 ...
... no UTF-8 mapping file for font encoding C01
Now handling font encoding C11 ...
... no UTF-8 mapping file for font encoding C11
Now handling font encoding C21 ...
... no UTF-8 mapping file for font encoding C21
Now handling font encoding C41 ...
... no UTF-8 mapping file for font encoding C41
Now handling font encoding C62 ...
... no UTF-8 mapping file for font encoding C62
)
\CJK@indent=\box52
)
(d:/4_LaTex/texlive/2022/texmf-dist/tex/latex/base/fontenc.sty
Package: fontenc 2021/04/29 v2.0v Standard LaTeX package
))
(d:/4_LaTex/texlive/2022/texmf-dist/tex/latex/cjkpunct/CJKpunct.sty
Package: CJKpunct 2016/05/14 4.8.4
\CJKpunct@cnta=\count197
\CJKpunct@cntb=\count198
\CJKpunct@cntc=\count199
\CJKpunct@cntd=\count266
\CJKpunct@cnte=\count267
   defining Unicode char U+2018 (decimal 8216)
   defining Unicode char U+2019 (decimal 8217)
   defining Unicode char U+201C (decimal 8220)
   defining Unicode char U+201D (decimal 8221)
   defining Unicode char U+2014 (decimal 8212)
   defining Unicode char U+2026 (decimal 8230)

(d:/4_LaTex/texlive/2022/texmf-dist/tex/latex/cjkpunct/CJKpunct.spa))
(d:/4_LaTex/texlive/2022/texmf-dist/tex/latex/cjk/texinput/CJKspace.sty
Package: CJKspace 2021/10/16 3.8.0
)
(d:/4_LaTex/texlive/2022/texmf-dist/tex/latex/ctex/ctexspa.def
File: ctexspa.def 2021/12/12 v2.5.8 Space info for CJKpunct (CTEX)
)
\ccwd=\dimen140
\l__ctex_ccglue_skip=\skip49
)
\l__ctex_ziju_dim=\dimen141

(d:/4_LaTex/texlive/2022/texmf-dist/tex/latex/zhnumber/zhnumber.sty
Package: zhnumber 2020/05/01 v2.8 Typesetting numbers with Chinese glyphs
\l__zhnum_scale_int=\count268
\l__zhnum_byte_min_int=\count269
\l__zhnum_byte_max_int=\count270

(d:/4_LaTex/texlive/2022/texmf-dist/tex/latex/zhnumber/zhnumber-utf8.cfg
File: zhnumber-utf8.cfg 2020/05/01 v2.8 Chinese numerals with UTF8 encoding
))
\l__ctex_heading_skip=\skip50

(d:/4_LaTex/texlive/2022/texmf-dist/tex/latex/ctex/scheme/ctex-scheme-plain-art
icle.def
File: ctex-scheme-plain-article.def 2021/12/12 v2.5.8 Plain scheme for article 
(CTEX)
) (d:/4_LaTex/texlive/2022/texmf-dist/tex/latex/ctex/ctex-c5size.clo
File: ctex-c5size.clo 2021/12/12 v2.5.8 c5size option (CTEX)
)
(d:/4_LaTex/texlive/2022/texmf-dist/tex/latex/ctex/fontset/ctex-fontset-windows
.def
File: ctex-fontset-windows.def 2021/12/12 v2.5.8 Windows fonts definition (CTEX
)
)) (d:/4_LaTex/texlive/2022/texmf-dist/tex/latex/ctex/config/ctex.cfg
File: ctex.cfg 2021/12/12 v2.5.8 Configuration file (CTEX)
)
(d:/4_LaTex/texlive/2022/texmf-dist/tex/xelatex/xecjk/xeCJK.sty
Package: xeCJK 2021/12/12 v3.8.8 Typesetting CJK scripts with XeLaTeX


! Critical Package xeCJK Error: The xeCJK package requires XeTeX to function.
(xeCJK)                         
(xeCJK)                         You must change your typesetting engine to
(xeCJK)                         "xelatex"
(xeCJK)                         instead of plain "latex" or "pdflatex" or
(xeCJK)                         "lualatex".
(xeCJK)                         Loading xeCJK will abort!

Type <return> to continue.
 ...                                              
                                                  
l.43 ..._critical:nn { xeCJK } { Require-XeTeX } }
                                                  
? return
OK, entering \nonstopmode...
)
! Undefined control sequence.
<recently read> \xeCJKsetcharclass 
                                   
l.10 \xeCJKsetcharclass
                       {`①}{`⑩}{1}
The control sequence at the end of the top line
of your error message was never \def'ed. If you have
misspelled it (e.g., `\hobx'), type `I' and the correct
spelling (e.g., `I\hbox'). Otherwise just continue,
and I'll forget about whatever was undefined.


! LaTeX Error: Missing \begin{document}.

See the LaTeX manual or LaTeX Companion for explanation.
Type  H <return>  for immediate help.
 ...                                              
                                                  
l.10 \xeCJKsetcharclass{`
                         ①}{`⑩}{1}
You're in trouble here.  Try typing  <return>  to proceed.
If that doesn't work, type  X <return>  to quit.


! LaTeX Error: Unicode character ① (U+2460)
               not set up for use with LaTeX.

See the LaTeX manual or LaTeX Companion for explanation.
Type  H <return>  for immediate help.
 ...                                              
                                                  
l.10 \xeCJKsetcharclass{`①
                            }{`⑩}{1}
You may provide a definition with
\DeclareUnicodeCharacter 


! LaTeX Error: Unicode character ⑩ (U+2469)
               not set up for use with LaTeX.

See the LaTeX manual or LaTeX Companion for explanation.
Type  H <return>  for immediate help.
 ...                                              
                                                  
l.10 \xeCJKsetcharclass{`①}{`⑩
                                  }{1}
You may provide a definition with
\DeclareUnicodeCharacter 

! Undefined control sequence.
l.12 \setCJKmainfont
                    [BoldFont=STHeiti, ItalicFont=STKaiti,Mapping=fullwidth-...
The control sequence at the end of the top line
of your error message was never \def'ed. If you have
misspelled it (e.g., `\hobx'), type `I' and the correct
spelling (e.g., `I\hbox'). Otherwise just continue,
and I'll forget about whatever was undefined.


! LaTeX Error: Missing \begin{document}.

See the LaTeX manual or LaTeX Companion for explanation.
Type  H <return>  for immediate help.
 ...                                              
                                                  
l.12 \setCJKmainfont[
                     BoldFont=STHeiti, ItalicFont=STKaiti,Mapping=fullwidth-...

You're in trouble here.  Try typing  <return>  to proceed.
If that doesn't work, type  X <return>  to quit.

! Undefined control sequence.
l.13 \setCJKmonofont
                    [Mapping=fullwidth-stop]{STKaiti}
The control sequence at the end of the top line
of your error message was never \def'ed. If you have
misspelled it (e.g., `\hobx'), type `I' and the correct
spelling (e.g., `I\hbox'). Otherwise just continue,
and I'll forget about whatever was undefined.


Overfull \hbox (9.4559pt too wide) in paragraph at lines 12--14
[]\OT1/cmr/m/n/10.53937 [BoldFont=STHeiti, ItalicFont=STKaiti,Mapping=fullwidth
-stop]STSong
 []

! Undefined control sequence.
l.15 \setCJKfamilyfont
                      {kai}[Mapping=fullwidth-stop]{STKaiti}
The control sequence at the end of the top line
of your error message was never \def'ed. If you have
misspelled it (e.g., `\hobx'), type `I' and the correct
spelling (e.g., `I\hbox'). Otherwise just continue,
and I'll forget about whatever was undefined.


! LaTeX Error: Missing \begin{document}.

See the LaTeX manual or LaTeX Companion for explanation.
Type  H <return>  for immediate help.
 ...                                              
                                                  
l.15 \setCJKfamilyfont{k
                        ai}[Mapping=fullwidth-stop]{STKaiti}
You're in trouble here.  Try typing  <return>  to proceed.
If that doesn't work, type  X <return>  to quit.

! Undefined control sequence.
l.16 \setCJKfamilyfont
                      {hei}[Mapping=fullwidth-stop]{STHeiti}
The control sequence at the end of the top line
of your error message was never \def'ed. If you have
misspelled it (e.g., `\hobx'), type `I' and the correct
spelling (e.g., `I\hbox'). Otherwise just continue,
and I'll forget about whatever was undefined.


Overfull \hbox (9.71936pt too wide) in paragraph at lines 15--17
[]\OT1/cmr/m/n/10.53937 kai[Mapping=fullwidth-stop]STKaiti hei[Mapping=fullwidt
h-stop]STHeiti 
 []

(d:/4_LaTex/texlive/2022/texmf-dist/tex/latex/geometry/geometry.sty
Package: geometry 2020/01/02 v5.9 Page Geometry

(d:/4_LaTex/texlive/2022/texmf-dist/tex/latex/graphics/keyval.sty
Package: keyval 2014/10/28 v1.15 key=value parser (DPC)
\KV@toks@=\toks18
)
(d:/4_LaTex/texlive/2022/texmf-dist/tex/generic/iftex/ifvtex.sty
Package: ifvtex 2019/10/25 v1.7 ifvtex legacy package. Use iftex instead.
)
\Gm@cnth=\count271
\Gm@cntv=\count272
\c@Gm@tempcnt=\count273
\Gm@bindingoffset=\dimen142
\Gm@wd@mp=\dimen143
\Gm@odd@mp=\dimen144
\Gm@even@mp=\dimen145
\Gm@layoutwidth=\dimen146
\Gm@layoutheight=\dimen147
\Gm@layouthoffset=\dimen148
\Gm@layoutvoffset=\dimen149
\Gm@dimlist=\toks19
)
(d:/4_LaTex/texlive/2022/texmf-dist/tex/latex/hyperref/hyperref.sty
Package: hyperref 2022-02-21 v7.00n Hypertext links for LaTeX

(d:/4_LaTex/texlive/2022/texmf-dist/tex/generic/ltxcmds/ltxcmds.sty
Package: ltxcmds 2020-05-10 v1.25 LaTeX kernel commands for general use (HO)
)
(d:/4_LaTex/texlive/2022/texmf-dist/tex/generic/pdftexcmds/pdftexcmds.sty
Package: pdftexcmds 2020-06-27 v0.33 Utility functions of pdfTeX for LuaTeX (HO
)

(d:/4_LaTex/texlive/2022/texmf-dist/tex/generic/infwarerr/infwarerr.sty
Package: infwarerr 2019/12/03 v1.5 Providing info/warning/error messages (HO)
)
Package pdftexcmds Info: \pdf@primitive is available.
Package pdftexcmds Info: \pdf@ifprimitive is available.
Package pdftexcmds Info: \pdfdraftmode found.
)
(d:/4_LaTex/texlive/2022/texmf-dist/tex/generic/kvsetkeys/kvsetkeys.sty
Package: kvsetkeys 2019/12/15 v1.18 Key value parser (HO)
)
(d:/4_LaTex/texlive/2022/texmf-dist/tex/generic/kvdefinekeys/kvdefinekeys.sty
Package: kvdefinekeys 2019-12-19 v1.6 Define keys (HO)
)
(d:/4_LaTex/texlive/2022/texmf-dist/tex/generic/pdfescape/pdfescape.sty
Package: pdfescape 2019/12/09 v1.15 Implements pdfTeX's escape features (HO)
)
(d:/4_LaTex/texlive/2022/texmf-dist/tex/latex/hycolor/hycolor.sty
Package: hycolor 2020-01-27 v1.10 Color options for hyperref/bookmark (HO)
)
(d:/4_LaTex/texlive/2022/texmf-dist/tex/latex/letltxmacro/letltxmacro.sty
Package: letltxmacro 2019/12/03 v1.6 Let assignment for LaTeX macros (HO)
)
(d:/4_LaTex/texlive/2022/texmf-dist/tex/latex/auxhook/auxhook.sty
Package: auxhook 2019-12-17 v1.6 Hooks for auxiliary files (HO)
)
(d:/4_LaTex/texlive/2022/texmf-dist/tex/latex/kvoptions/kvoptions.sty
Package: kvoptions 2020-10-07 v3.14 Key value format for package options (HO)
)
\@linkdim=\dimen150
\Hy@linkcounter=\count274
\Hy@pagecounter=\count275

(d:/4_LaTex/texlive/2022/texmf-dist/tex/latex/hyperref/pd1enc.def
File: pd1enc.def 2022-02-21 v7.00n Hyperref: PDFDocEncoding definition (HO)
Now handling font encoding PD1 ...
... no UTF-8 mapping file for font encoding PD1
)
(d:/4_LaTex/texlive/2022/texmf-dist/tex/generic/intcalc/intcalc.sty
Package: intcalc 2019/12/15 v1.3 Expandable calculations with integers (HO)
)
(d:/4_LaTex/texlive/2022/texmf-dist/tex/generic/etexcmds/etexcmds.sty
Package: etexcmds 2019/12/15 v1.7 Avoid name clashes with e-TeX commands (HO)
)
\Hy@SavedSpaceFactor=\count276

(d:/4_LaTex/texlive/2022/texmf-dist/tex/latex/hyperref/puenc.def
File: puenc.def 2022-02-21 v7.00n Hyperref: PDF Unicode definition (HO)
Now handling font encoding PU ...
... no UTF-8 mapping file for font encoding PU
)
Package hyperref Info: Option `unicode' set `true' on input line 4018.


! Package hyperref Error: Wrong driver option `xetex',
(hyperref)                because XeTeX is not detected.

See the hyperref package documentation for explanation.
Type  H <return>  for immediate help.
 ...                                              
                                                  
l.4018 \ProcessKeyvalOptions{Hyp}
                                 
Try typing  <return>  to proceed.
If that doesn't work, type  X <return>  to quit.

Package hyperref Info: Option `unicode' set `true' on input line 4018.
Package hyperref Info: Hyper figures OFF on input line 4137.
Package hyperref Info: Link nesting OFF on input line 4142.
Package hyperref Info: Hyper index ON on input line 4145.
Package hyperref Info: Plain pages OFF on input line 4152.
Package hyperref Info: Backreferencing OFF on input line 4157.
Package hyperref Info: Implicit mode ON; LaTeX internals redefined.
Package hyperref Info: Bookmarks ON on input line 4390.
\c@Hy@tempcnt=\count277
(d:/4_LaTex/texlive/2022/texmf-dist/tex/latex/url/url.sty
\Urlmuskip=\muskip16
Package: url 2013/09/16  ver 3.4  Verb mode for urls, etc.
)
LaTeX Info: Redefining \url on input line 4749.
\XeTeXLinkMargin=\dimen151

(d:/4_LaTex/texlive/2022/texmf-dist/tex/generic/bitset/bitset.sty
Package: bitset 2019/12/09 v1.3 Handle bit-vector datatype (HO)

(d:/4_LaTex/texlive/2022/texmf-dist/tex/generic/bigintcalc/bigintcalc.sty
Package: bigintcalc 2019/12/15 v1.5 Expandable calculations on big integers (HO
)
))
\Fld@menulength=\count278
\Field@Width=\dimen152
\Fld@charsize=\dimen153
Package hyperref Info: Hyper figures OFF on input line 6027.
Package hyperref Info: Link nesting OFF on input line 6032.
Package hyperref Info: Hyper index ON on input line 6035.
Package hyperref Info: backreferencing OFF on input line 6042.
Package hyperref Info: Link coloring OFF on input line 6047.
Package hyperref Info: Link coloring with OCG OFF on input line 6052.
Package hyperref Info: PDF/A mode OFF on input line 6057.
LaTeX Info: Redefining \ref on input line 6097.
LaTeX Info: Redefining \pageref on input line 6101.

(d:/4_LaTex/texlive/2022/texmf-dist/tex/latex/base/atbegshi-ltx.sty
Package: atbegshi-ltx 2021/01/10 v1.0c Emulation of the original atbegshi
package with kernel methods
)
\Hy@abspage=\count279
\c@Item=\count280
\c@Hfootnote=\count281
)
Package hyperref Info: Driver (autodetected): hpdftex.

(d:/4_LaTex/texlive/2022/texmf-dist/tex/latex/hyperref/hpdftex.def
File: hpdftex.def 2022-02-21 v7.00n Hyperref driver for pdfTeX

(d:/4_LaTex/texlive/2022/texmf-dist/tex/latex/base/atveryend-ltx.sty
Package: atveryend-ltx 2020/08/19 v1.0a Emulation of the original atveryend pac
kage
with kernel methods
)
\Fld@listcount=\count282
\c@bookmark@seq@number=\count283

(d:/4_LaTex/texlive/2022/texmf-dist/tex/latex/rerunfilecheck/rerunfilecheck.sty
Package: rerunfilecheck 2019/12/05 v1.9 Rerun checks for auxiliary files (HO)

(d:/4_LaTex/texlive/2022/texmf-dist/tex/generic/uniquecounter/uniquecounter.sty
Package: uniquecounter 2019/12/15 v1.4 Provide unlimited unique counter (HO)
)
Package uniquecounter Info: New unique counter `rerunfilecheck' on input line 2
86.
)
\Hy@SectionHShift=\skip51
)
Package hyperref Info: Option `colorlinks' set `true' on input line 24.
 (d:/4_LaTex/texlive/2022/texmf-dist/tex/latex/amsmath/amsmath.sty
Package: amsmath 2021/10/15 v2.17l AMS math features
\@mathmargin=\skip52

For additional information on amsmath, use the `?' option.
(d:/4_LaTex/texlive/2022/texmf-dist/tex/latex/amsmath/amstext.sty
Package: amstext 2021/08/26 v2.01 AMS text

(d:/4_LaTex/texlive/2022/texmf-dist/tex/latex/amsmath/amsgen.sty
File: amsgen.sty 1999/11/30 v2.0 generic functions
\@emptytoks=\toks20
\ex@=\dimen154
))
(d:/4_LaTex/texlive/2022/texmf-dist/tex/latex/amsmath/amsbsy.sty
Package: amsbsy 1999/11/29 v1.2d Bold Symbols
\pmbraise@=\dimen155
)
(d:/4_LaTex/texlive/2022/texmf-dist/tex/latex/amsmath/amsopn.sty
Package: amsopn 2021/08/26 v2.02 operator names
)
\inf@bad=\count284
LaTeX Info: Redefining \frac on input line 234.
\uproot@=\count285
\leftroot@=\count286
LaTeX Info: Redefining \overline on input line 399.
\classnum@=\count287
\DOTSCASE@=\count288
LaTeX Info: Redefining \ldots on input line 496.
LaTeX Info: Redefining \dots on input line 499.
LaTeX Info: Redefining \cdots on input line 620.
\Mathstrutbox@=\box53
\strutbox@=\box54
\big@size=\dimen156
LaTeX Font Info:    Redeclaring font encoding OML on input line 743.
LaTeX Font Info:    Redeclaring font encoding OMS on input line 744.
\macc@depth=\count289
\c@MaxMatrixCols=\count290
\dotsspace@=\muskip17
\c@parentequation=\count291
\dspbrk@lvl=\count292
\tag@help=\toks21
\row@=\count293
\column@=\count294
\maxfields@=\count295
\andhelp@=\toks22
\eqnshift@=\dimen157
\alignsep@=\dimen158
\tagshift@=\dimen159
\tagwidth@=\dimen160
\totwidth@=\dimen161
\lineht@=\dimen162
\@envbody=\toks23
\multlinegap=\skip53
\multlinetaggap=\skip54
\mathdisplay@stack=\toks24
LaTeX Info: Redefining \[ on input line 2938.
LaTeX Info: Redefining \] on input line 2939.
)
(d:/4_LaTex/texlive/2022/texmf-dist/tex/latex/amsfonts/amssymb.sty
Package: amssymb 2013/01/14 v3.01 AMS font symbols

(d:/4_LaTex/texlive/2022/texmf-dist/tex/latex/amsfonts/amsfonts.sty
Package: amsfonts 2013/01/14 v3.01 Basic AMSFonts support
\symAMSa=\mathgroup4
\symAMSb=\mathgroup5
LaTeX Font Info:    Redeclaring math symbol \hbar on input line 98.
LaTeX Font Info:    Overwriting math alphabet `\mathfrak' in version `bold'
(Font)                  U/euf/m/n --> U/euf/b/n on input line 106.
))
(d:/4_LaTex/texlive/2022/texmf-dist/tex/latex/jknapltx/mathrsfs.sty
Package: mathrsfs 1996/01/01 Math RSFS package v1.0 (jk)
\symrsfs=\mathgroup6
)
(d:/4_LaTex/texlive/2022/texmf-dist/tex/latex/tools/bm.sty
Package: bm 2021/04/25 v1.2e Bold Symbol Support (DPC/FMi)
\symboldoperators=\mathgroup7
\symboldletters=\mathgroup8
\symboldsymbols=\mathgroup9
Package bm Info: No bold for \OMX/cmex/m/n, using \pmb.
Package bm Info: No bold for \U/msa/m/n, using \pmb.
Package bm Info: No bold for \U/msb/m/n, using \pmb.
Package bm Info: No bold for \U/rsfs/m/n, using \pmb.
LaTeX Font Info:    Redeclaring math alphabet \mathbf on input line 149.
)
(d:/4_LaTex/texlive/2022/texmf-dist/tex/latex/ntheorem/ntheorem.sty
Style `ntheorem', Version 1.33 <2011/08/15>
Package: ntheorem 2011/08/15 1.33
(d:/4_LaTex/texlive/2022/texmf-dist/tex/latex/base/ifthen.sty
Package: ifthen 2020/11/24 v1.1c Standard LaTeX ifthen package (DPC)
)
\theorem@style=\toks25
\theorem@@style=\toks26
\theorembodyfont=\toks27
\theoremnumbering=\toks28
\theorempreskipamount=\skip55
\theorempostskipamount=\skip56
\theoremframepreskipamount=\skip57
\theoremframepostskipamount=\skip58
\theoreminframepreskipamount=\skip59
\theoreminframepostskipamount=\skip60
\theorem@preskip=\toks29
\theorem@postskip=\toks30
\theorem@framepreskip=\toks31
\theorem@framepostskip=\toks32
\theorem@inframepreskip=\toks33
\theorem@inframepostskip=\toks34
\theoremindent=\dimen163
\theorem@indent=\dimen164
\theoremrightindent=\dimen165
\theorem@rightindent=\dimen166
\theoremheaderfont=\toks35
\theoremseparator=\toks36
\theoremprework=\toks37
\theorempostwork=\toks38
\theoremsymbol=\toks39
\qedsymbol=\toks40
\theoremkeyword=\toks41
\qedsymbol=\toks42
\thm@topsep=\skip61
\thm@topsepadd=\skip62
Package ntheorem Info: Option `thmmarks' loaded on input line 1175.
\c@endNonectr=\count296
\c@currNonectr=\count297
\mysavskip=\skip63
Package ntheorem Info: option `amsmath' handling for `thmmarks' loaded on input
 line 1175.
\thm@amstmpdepth=\dimen167
\tagwidth=\dimen168
)
(d:/4_LaTex/texlive/2022/texmf-dist/tex/latex/lm/lmodern.sty
Package: lmodern 2015/05/01 v1.6.1 Latin Modern Fonts
LaTeX Font Info:    Overwriting symbol font `operators' in version `normal'
(Font)                  OT1/cmr/m/n --> OT1/lmr/m/n on input line 22.
LaTeX Font Info:    Overwriting symbol font `letters' in version `normal'
(Font)                  OML/cmm/m/it --> OML/lmm/m/it on input line 23.
LaTeX Font Info:    Overwriting symbol font `symbols' in version `normal'
(Font)                  OMS/cmsy/m/n --> OMS/lmsy/m/n on input line 24.
LaTeX Font Info:    Overwriting symbol font `largesymbols' in version `normal'
(Font)                  OMX/cmex/m/n --> OMX/lmex/m/n on input line 25.
LaTeX Font Info:    Overwriting symbol font `operators' in version `bold'
(Font)                  OT1/cmr/bx/n --> OT1/lmr/bx/n on input line 26.
LaTeX Font Info:    Overwriting symbol font `letters' in version `bold'
(Font)                  OML/cmm/b/it --> OML/lmm/b/it on input line 27.
LaTeX Font Info:    Overwriting symbol font `symbols' in version `bold'
(Font)                  OMS/cmsy/b/n --> OMS/lmsy/b/n on input line 28.
LaTeX Font Info:    Overwriting symbol font `largesymbols' in version `bold'
(Font)                  OMX/cmex/m/n --> OMX/lmex/m/n on input line 29.
LaTeX Font Info:    Overwriting math alphabet `\mathbf' in version `normal'
(Font)                  OT1/cmr/bx/n --> OT1/lmr/bx/n on input line 31.
LaTeX Font Info:    Overwriting math alphabet `\mathsf' in version `normal'
(Font)                  OT1/cmss/m/n --> OT1/lmss/m/n on input line 32.
LaTeX Font Info:    Overwriting math alphabet `\mathit' in version `normal'
(Font)                  OT1/cmr/m/it --> OT1/lmr/m/it on input line 33.
LaTeX Font Info:    Overwriting math alphabet `\mathtt' in version `normal'
(Font)                  OT1/cmtt/m/n --> OT1/lmtt/m/n on input line 34.
LaTeX Font Info:    Overwriting math alphabet `\mathbf' in version `bold'
(Font)                  OT1/cmr/bx/n --> OT1/lmr/bx/n on input line 35.
LaTeX Font Info:    Overwriting math alphabet `\mathsf' in version `bold'
(Font)                  OT1/cmss/bx/n --> OT1/lmss/bx/n on input line 36.
LaTeX Font Info:    Overwriting math alphabet `\mathit' in version `bold'
(Font)                  OT1/cmr/bx/it --> OT1/lmr/bx/it on input line 37.
LaTeX Font Info:    Overwriting math alphabet `\mathtt' in version `bold'
(Font)                  OT1/cmtt/m/n --> OT1/lmtt/m/n on input line 38.
)
(d:/4_LaTex/texlive/2022/texmf-dist/tex/latex/graphics/graphicx.sty
Package: graphicx 2021/09/16 v1.2d Enhanced LaTeX Graphics (DPC,SPQR)

(d:/4_LaTex/texlive/2022/texmf-dist/tex/latex/graphics/graphics.sty
Package: graphics 2021/03/04 v1.4d Standard LaTeX Graphics (DPC,SPQR)

(d:/4_LaTex/texlive/2022/texmf-dist/tex/latex/graphics/trig.sty
Package: trig 2021/08/11 v1.11 sin cos tan (DPC)
)
(d:/4_LaTex/texlive/2022/texmf-dist/tex/latex/graphics-cfg/graphics.cfg
File: graphics.cfg 2016/06/04 v1.11 sample graphics configuration
)
Package graphics Info: Driver file: pdftex.def on input line 107.

(d:/4_LaTex/texlive/2022/texmf-dist/tex/latex/graphics-def/pdftex.def
File: pdftex.def 2020/10/05 v1.2a Graphics/color driver for pdftex
))
\Gin@req@height=\dimen169
\Gin@req@width=\dimen170
)
(d:/4_LaTex/texlive/2022/texmf-dist/tex/latex/float/float.sty
Package: float 2001/11/08 v1.3d Float enhancements (AL)
\c@float@type=\count298
\float@exts=\toks43
\float@box=\box55
\@float@everytoks=\toks44
\@floatcapt=\box56
)
(d:/4_LaTex/texlive/2022/texmf-dist/tex/latex/listings/listings.sty
\lst@mode=\count299
\lst@gtempboxa=\box57
\lst@token=\toks45
\lst@length=\count300
\lst@currlwidth=\dimen171
\lst@column=\count301
\lst@pos=\count302
\lst@lostspace=\dimen172
\lst@width=\dimen173
\lst@newlines=\count303
\lst@lineno=\count304
\lst@maxwidth=\dimen174

(d:/4_LaTex/texlive/2022/texmf-dist/tex/latex/listings/lstmisc.sty
File: lstmisc.sty 2020/03/24 1.8d (Carsten Heinz)
\c@lstnumber=\count305
\lst@skipnumbers=\count306
\lst@framebox=\box58
)
(d:/4_LaTex/texlive/2022/texmf-dist/tex/latex/listings/listings.cfg
File: listings.cfg 2020/03/24 1.8d listings configuration
))
Package: listings 2020/03/24 1.8d (Carsten Heinz)

(d:/4_LaTex/texlive/2022/texmf-dist/tex/latex/xcolor/xcolor.sty
Package: xcolor 2021/10/31 v2.13 LaTeX color extensions (UK)

(d:/4_LaTex/texlive/2022/texmf-dist/tex/latex/graphics-cfg/color.cfg
File: color.cfg 2016/01/02 v1.6 sample color configuration
)
Package xcolor Info: Driver file: pdftex.def on input line 227.
Package xcolor Info: Model `cmy' substituted by `cmy0' on input line 1352.
Package xcolor Info: Model `hsb' substituted by `rgb' on input line 1356.
Package xcolor Info: Model `RGB' extended on input line 1368.
Package xcolor Info: Model `HTML' substituted by `rgb' on input line 1370.
Package xcolor Info: Model `Hsb' substituted by `hsb' on input line 1371.
Package xcolor Info: Model `tHsb' substituted by `hsb' on input line 1372.
Package xcolor Info: Model `HSB' substituted by `hsb' on input line 1373.
Package xcolor Info: Model `Gray' substituted by `gray' on input line 1374.
Package xcolor Info: Model `wave' substituted by `hsb' on input line 1375.
)
(d:/4_LaTex/texlive/2022/texmf-dist/tex/latex/algorithm2e/algorithm2e.sty
Package: algorithm2e 2017/07/18 v5.2 algorithms environments
\c@AlgoLine=\count307
\algocf@hangindent=\skip64

(d:/4_LaTex/texlive/2022/texmf-dist/tex/latex/ifoddpage/ifoddpage.sty
Package: ifoddpage 2016/04/23 v1.1 Conditionals for odd/even page detection
\c@checkoddpage=\count308
)
(d:/4_LaTex/texlive/2022/texmf-dist/tex/latex/tools/xspace.sty
Package: xspace 2014/10/28 v1.13 Space after command names (DPC,MH)
)
(d:/4_LaTex/texlive/2022/texmf-dist/tex/latex/relsize/relsize.sty
Package: relsize 2013/03/29 ver 4.1
)
\skiptotal=\skip65
\skiplinenumber=\skip66
\skiprule=\skip67
\skiphlne=\skip68
\skiptext=\skip69
\skiplength=\skip70
\algomargin=\skip71
\skipalgocfslide=\skip72
\algowidth=\dimen175
\inoutsize=\dimen176
\inoutindent=\dimen177
\interspacetitleruled=\dimen178
\interspacealgoruled=\dimen179
\interspacetitleboxruled=\dimen180
\algocf@ruledwidth=\skip73
\algocf@inoutbox=\box59
\algocf@inputbox=\box60
\AlCapSkip=\skip74
\AlCapHSkip=\skip75
\algoskipindent=\skip76
\algocf@nlbox=\box61
\algocf@hangingbox=\box62
\algocf@untilbox=\box63
\algocf@skipuntil=\skip77
\algocf@capbox=\box64
\algocf@lcaptionbox=\skip78
\algoheightruledefault=\skip79
\algoheightrule=\skip80
\algotitleheightruledefault=\skip81
\algotitleheightrule=\skip82
\c@algocfline=\count309
\c@algocfproc=\count310
\c@algocf=\count311
\algocf@algoframe=\box65
\algocf@algobox=\box66
)
(d:/4_LaTex/texlive/2022/texmf-dist/tex/latex/booktabs/booktabs.sty
Package: booktabs 2020/01/12 v1.61803398 Publication quality tables
\heavyrulewidth=\dimen181
\lightrulewidth=\dimen182
\cmidrulewidth=\dimen183
\belowrulesep=\dimen184
\belowbottomsep=\dimen185
\aboverulesep=\dimen186
\abovetopsep=\dimen187
\cmidrulesep=\dimen188
\cmidrulekern=\dimen189
\defaultaddspace=\dimen190
\@cmidla=\count312
\@cmidlb=\count313
\@aboverulesep=\dimen191
\@belowrulesep=\dimen192
\@thisruleclass=\count314
\@lastruleclass=\count315
\@thisrulewidth=\dimen193
)
(d:/4_LaTex/texlive/2022/texmf-dist/tex/latex/fancyhdr/fancyhdr.sty
Package: fancyhdr 2021/01/28 v4.0.1 Extensive control of page headers and foote
rs
\f@nch@headwidth=\skip83
\f@nch@O@elh=\skip84
\f@nch@O@erh=\skip85
\f@nch@O@olh=\skip86
\f@nch@O@orh=\skip87
\f@nch@O@elf=\skip88
\f@nch@O@erf=\skip89
\f@nch@O@olf=\skip90
\f@nch@O@orf=\skip91
)
(d:/4_LaTex/texlive/2022/texmf-dist/tex/latex/multirow/multirow.sty
Package: multirow 2021/03/15 v2.8 Span multiple rows of a table
\multirow@colwidth=\skip92
\multirow@cntb=\count316
\multirow@dima=\skip93
\bigstrutjot=\dimen194
)
(d:/4_LaTex/texlive/2022/texmf-dist/tex/latex/tools/dcolumn.sty
Package: dcolumn 2014/10/28 v1.06 decimal alignment package (DPC)

(d:/4_LaTex/texlive/2022/texmf-dist/tex/latex/tools/array.sty
Package: array 2021/10/04 v2.5f Tabular extension package (FMi)
\col@sep=\dimen195
\ar@mcellbox=\box67
\extrarowheight=\dimen196
\NC@list=\toks46
\extratabsurround=\skip94
\backup@length=\skip95
\ar@cellbox=\box68
))
(d:/4_LaTex/texlive/2022/texmf-dist/tex/latex/stringstrings/stringstrings.sty
Package: stringstrings 2020/12/08 v1.24 Extensive array of string manipulation 
routines for cosmetic and programming application
\c@@letterindex=\count317
\c@@@letterindex=\count318
\c@@@@letterindex=\count319
\c@@wordindex=\count320
\c@@iargc=\count321
\c@@gobblesize=\count322
\c@@maxrotation=\count323
\c@@stringsize=\count324
\c@@@stringsize=\count325
\c@@@@stringsize=\count326
\c@@revisedstringsize=\count327
\c@@gobbleindex=\count328
\c@@charsfound=\count329
\c@@alph=\count330
\c@@alphaindex=\count331
\c@@capstrigger=\count332
\c@@fromindex=\count333
\c@@toindex=\count334
\c@@previousindex=\count335
\c@@flag=\count336
\c@@matchloc=\count337
\c@@matchend=\count338
\c@@matchsize=\count339
\c@@matchmax=\count340
\c@@skipped=\count341
\c@@lcwords=\count342
\c@@@matchloc=\count343
)) (d:/4_LaTex/texlive/2022/texmf-dist/tex/latex/tools/indentfirst.sty
Package: indentfirst 1995/11/23 v1.03 Indent first paragraph (DPC)
)
(d:/4_LaTex/texlive/2022/texmf-dist/tex/latex/cite/cite.sty
LaTeX Info: Redefining \cite on input line 302.
LaTeX Info: Redefining \nocite on input line 332.
Package: cite 2015/02/27  v 5.5
)
(d:/4_LaTex/texlive/2022/texmf-dist/tex/latex/natbib/natbib.sty
Package: natbib 2010/09/13 8.31b (PWD, AO)


Package natbib Warning: The `cite' package should not be used
(natbib)                with natbib. Use option `sort' instead.

\bibhang=\skip96
\bibsep=\skip97
LaTeX Info: Redefining \cite on input line 694.
LaTeX Info: Redefining \citenum on input line 708.
\c@NAT@ctr=\count344
)

! LaTeX Error: Option clash for package hyperref.

See the LaTeX manual or LaTeX Companion for explanation.
Type  H <return>  for immediate help.
 ...                                              
                                                  
l.11 \hypersetup
                {
The package hyperref has already been loaded with options:
  [driverfallback=dvipdfmx,pdfencoding=unicode,xetex,unicode]
There has now been an attempt to load it with options
  [hyperfootnotes=false]
Adding the global options:
  driverfallback=dvipdfmx,pdfencoding=unicode,xetex,unicode,hyperfootnotes=fals
e
to your \documentclass declaration may fix this.
Try typing  <return>  to proceed.

Package hyperref Info: Option `colorlinks' set `true' on input line 19.
(d:/4_LaTex/texlive/2022/texmf-dist/tex/latex/esvect/esvect.sty
Package: esvect 
\symesvector=\mathgroup10
LaTeX Font Info:    Redeclaring math symbol \fldr on input line 38.
)
(d:/4_LaTex/texlive/2022/texmf-dist/tex/latex/tabularray/tabularray.sty
Package: tabularray 2022-03-01 v2022A Typeset tabulars and arrays with LaTeX3
\l__tblr_a_int=\count345
\l__tblr_c_int=\count346
\l__tblr_r_int=\count347
\l__tblr_d_dim=\dimen197
\l__tblr_h_dim=\dimen198
\l__tblr_o_dim=\dimen199
\l__tblr_p_dim=\dimen256
\l__tblr_q_dim=\dimen257
\l__tblr_r_dim=\dimen258
\l__tblr_s_dim=\dimen259
\l__tblr_t_dim=\dimen260
\l__tblr_v_dim=\dimen261
\l__tblr_w_dim=\dimen262
\l__tblr_a_box=\box69
\l__tblr_b_box=\box70
\l__tblr_c_box=\box71
\l__tblr_d_box=\box72
\g__tblr_table_count_int=\count348
\c@rownum=\count349
\c@colnum=\count350
\c@rowcount=\count351
\c@colcount=\count352
\abovesep=\dimen263
\belowsep=\dimen264
\leftsep=\dimen265
\rightsep=\dimen266
\g_tblr_level_int=\count353
\g__tblr_data_row_key_count_int=\count354
\g__tblr_data_column_key_count_int=\count355
\g__tblr_data_cell_key_count_int=\count356
\g__tblr_array_int=\count357
\l__tblr_key_count_int=\count358
\l__tblr_key_quotient_int=\count359
\l__tblr_key_quotient_two_int=\count360
\l__tblr_key_remainder_int=\count361
\g__tblr_data_str_value_count_int=\count362
\rulewidth=\dimen267
\l__tblr_strut_ht_box=\box73
\l__tblr_strut_dp_box=\box74
\g__tblr_cell_wd_dim=\dimen268
\g__tblr_cell_ht_dim=\dimen269
\g__tblr_cell_head_dim=\dimen270
\g__tblr_cell_foot_dim=\dimen271
\l__column_target_dim=\dimen272
\l__tblr_caption_box=\box75
\l__tblr_caption_left_box=\box76
\l__tblr_row_head_box=\box77
\l__tblr_row_foot_box=\box78
\l__tblr_row_head_foot_dim=\dimen273
\tablewidth=\dimen274
\l__tblr_table_firsthead_box=\box79
\l__tblr_table_middlehead_box=\box80
\l__tblr_table_lasthead_box=\box81
\l__tblr_table_firstfoot_box=\box82
\l__tblr_table_middlefoot_box=\box83
\l__tblr_table_lastfoot_box=\box84
\l__tblr_remain_height_dim=\dimen275
\l__tblr_long_from_int=\count363
\l__tblr_long_to_int=\count364
\l__tblr_curr_i_int=\count365
\l__tblr_prev_i_int=\count366
\l__tblr_table_page_int=\count367
\l__tblr_table_head_box=\box85
\l__tblr_table_foot_box=\box86
\l__tblr_table_head_foot_dim=\dimen276
\l__tblr_table_head_body_foot_dim=\dimen277
\l__tblr_table_box=\box87
\l__tblr_table_hlines_box=\box88
\l__tblr_hline_box=\box89
\l__tblr_row_box=\box90
\l__tblr_col_o_wd_dim=\dimen278
\l__tblr_col_b_wd_dim=\dimen279
\l__tblr_hline_leftskip_dim=\dimen280
\l__tblr_hline_rightskip_dim=\dimen281
\l__tblr_row_ht_dim=\dimen282
\l__tblr_row_dp_dim=\dimen283
\l__tblr_row_abovesep_dim=\dimen284
\l__tblr_row_belowsep_dim=\dimen285
\l__tblr_row_vlines_box=\box91
\l__tblr_vline_box=\box92
\l__tblr_cell_box=\box93
\l__row_upper_dim=\dimen286
\l__row_lower_dim=\dimen287
\l__row_vpace_dim=\dimen288
\l__tblr_vline_aboveskip_dim=\dimen289
\l__tblr_vline_belowskip_dim=\dimen290
\l__tblr_cell_wd_dim=\dimen291
\l__tblr_cell_ht_dim=\dimen292
\l__tblr_diag_box=\box94
)
(d:/4_LaTex/texlive/2022/texmf-dist/tex/latex/diagbox/diagbox.sty
Package: diagbox 2020/02/09 v2.3 Making table heads with diagonal lines

(d:/4_LaTex/texlive/2022/texmf-dist/tex/latex/pict2e/pict2e.sty
Package: pict2e 2020/09/30 v0.4b Improved picture commands (HjG,RN,JT)

(d:/4_LaTex/texlive/2022/texmf-dist/tex/latex/pict2e/pict2e.cfg
File: pict2e.cfg 2016/02/05 v0.1u pict2e configuration for teTeX/TeXLive
)
Package pict2e Info: Driver file: pdftex.def on input line 112.
Package pict2e Info: Driver file for pict2e: p2e-pdftex.def on input line 114.

(d:/4_LaTex/texlive/2022/texmf-dist/tex/latex/pict2e/p2e-pdftex.def
File: p2e-pdftex.def 2016/02/05 v0.1u Driver-dependant file (RN,HjG,JT)
)
\pIIe@GRAPH=\toks47
\@arclen=\dimen293
\@arcrad=\dimen294
\pIIe@tempdima=\dimen295
\pIIe@tempdimb=\dimen296
\pIIe@tempdimc=\dimen297
\pIIe@tempdimd=\dimen298
\pIIe@tempdime=\dimen299
\pIIe@tempdimf=\dimen300
)
(d:/4_LaTex/texlive/2022/texmf-dist/tex/latex/tools/calc.sty
Package: calc 2017/05/25 v4.3 Infix arithmetic (KKT,FJ)
\calc@Acount=\count368
\calc@Bcount=\count369
\calc@Adimen=\dimen301
\calc@Bdimen=\dimen302
\calc@Askip=\skip98
\calc@Bskip=\skip99
LaTeX Info: Redefining \setlength on input line 80.
LaTeX Info: Redefining \addtolength on input line 81.
\calc@Ccount=\count370
\calc@Cskip=\skip100
)
\diagbox@boxa=\box95
\diagbox@boxb=\box96
\diagbox@boxm=\box97
\diagbox@wd=\dimen303
\diagbox@ht=\dimen304
\diagbox@insepl=\dimen305
\diagbox@insepr=\dimen306
\diagbox@outsepl=\dimen307
\diagbox@outsepr=\dimen308
)
(d:/4_LaTex/texlive/2022/texmf-dist/tex/latex/etoolbox/etoolbox.sty
Package: etoolbox 2020/10/05 v2.5k e-TeX tools for LaTeX (JAW)
\etb@tempcnta=\count371
)
(d:/4_LaTex/texlive/2022/texmf-dist/tex/latex/base/textcomp.sty
Package: textcomp 2020/02/02 v2.0n Standard LaTeX package
)
(d:/4_LaTex/texlive/2022/texmf-dist/tex/latex/matlab-prettifier/matlab-prettifi
er.sty
Package: matlab-prettifier 2014/06/19 v0.3 A package for prettyprinting Matlab 
source code
\netBracketCount@mlpr=\count372
\blkLvl@mlpr=\count373
\blkLvlAtClassdef@mlpr=\count374
\emHeight@mlpr=\skip101
\jayDepth@mlpr=\skip102
\sectionRuleOffset@mlpr=\skip103
\toks@mlpr=\toks48
) (d:/4_LaTex/texlive/2022/texmf-dist/tex/latex/ragged2e/ragged2e.sty
Package: ragged2e 2021/12/15 v3.1 ragged2e Package
\CenteringLeftskip=\skip104
\RaggedLeftLeftskip=\skip105
\RaggedRightLeftskip=\skip106
\CenteringRightskip=\skip107
\RaggedLeftRightskip=\skip108
\RaggedRightRightskip=\skip109
\CenteringParfillskip=\skip110
\RaggedLeftParfillskip=\skip111
\RaggedRightParfillskip=\skip112
\JustifyingParfillskip=\skip113
\CenteringParindent=\skip114
\RaggedLeftParindent=\skip115
\RaggedRightParindent=\skip116
\JustifyingParindent=\skip117
)

! LaTeX Error: Option clash for package xcolor.

See the LaTeX manual or LaTeX Companion for explanation.
Type  H <return>  for immediate help.
 ...                                              
                                                  
l.38 \usepackage
                {soul}
The package xcolor has already been loaded with options:
  []
There has now been an attempt to load it with options
  [dvipsnames]
Adding the global options:
  ,dvipsnames
to your \documentclass declaration may fix this.
Try typing  <return>  to proceed.

(d:/4_LaTex/texlive/2022/texmf-dist/tex/generic/soul/soul.sty
Package: soul 2003/11/17 v2.4 letterspacing/underlining (mf)
\SOUL@word=\toks49
\SOUL@lasttoken=\toks50
\SOUL@cmds=\toks51
\SOUL@buffer=\toks52
\SOUL@token=\toks53
\SOUL@spaceskip=\skip118
\SOUL@ttwidth=\dimen309
\SOUL@uldp=\dimen310
\SOUL@ulht=\dimen311
)
(d:/4_LaTex/texlive/2022/texmf-dist/tex/latex/units/units.sty
Package: units 1998/08/04 v0.9b Typesetting units

(d:/4_LaTex/texlive/2022/texmf-dist/tex/latex/units/nicefrac.sty
Package: nicefrac 1998/08/04 v0.9b Nice fractions
\L@UnitsRaiseDisplaystyle=\skip119
\L@UnitsRaiseTextstyle=\skip120
\L@UnitsRaiseScriptstyle=\skip121
))
(d:/4_LaTex/texlive/2022/texmf-dist/tex/latex/braket/braket.sty)
(d:/4_LaTex/texlive/2022/texmf-dist/tex/latex/psnfss/mathptmx.sty
Package: mathptmx 2020/03/25 PSNFSS-v9.3 Times w/ Math, improved (SPQR, WaS) 
LaTeX Font Info:    Redeclaring symbol font `operators' on input line 28.
LaTeX Font Info:    Overwriting symbol font `operators' in version `normal'
(Font)                  OT1/lmr/m/n --> OT1/ztmcm/m/n on input line 28.
LaTeX Font Info:    Overwriting symbol font `operators' in version `bold'
(Font)                  OT1/lmr/bx/n --> OT1/ztmcm/m/n on input line 28.
LaTeX Font Info:    Redeclaring symbol font `letters' on input line 29.
LaTeX Font Info:    Overwriting symbol font `letters' in version `normal'
(Font)                  OML/lmm/m/it --> OML/ztmcm/m/it on input line 29.
LaTeX Font Info:    Overwriting symbol font `letters' in version `bold'
(Font)                  OML/lmm/b/it --> OML/ztmcm/m/it on input line 29.
LaTeX Font Info:    Redeclaring symbol font `symbols' on input line 30.
LaTeX Font Info:    Overwriting symbol font `symbols' in version `normal'
(Font)                  OMS/lmsy/m/n --> OMS/ztmcm/m/n on input line 30.
LaTeX Font Info:    Overwriting symbol font `symbols' in version `bold'
(Font)                  OMS/lmsy/b/n --> OMS/ztmcm/m/n on input line 30.
LaTeX Font Info:    Redeclaring symbol font `largesymbols' on input line 31.
LaTeX Font Info:    Overwriting symbol font `largesymbols' in version `normal'
(Font)                  OMX/lmex/m/n --> OMX/ztmcm/m/n on input line 31.
LaTeX Font Info:    Overwriting symbol font `largesymbols' in version `bold'
(Font)                  OMX/lmex/m/n --> OMX/ztmcm/m/n on input line 31.
\symbold=\mathgroup11
\symitalic=\mathgroup12


! LaTeX Error: Command `\mathbf' already defined.

See the LaTeX manual or LaTeX Companion for explanation.
Type  H <return>  for immediate help.
 ...                                              
                                                  
l.34 ...areMathAlphabet{\mathbf}{OT1}{ptm}{bx}{n}}
                                                  
Your command was ignored.
Type  I <command> <return>  to replace it with another command,
or  <return>  to continue without it.

LaTeX Font Info:    Redeclaring math alphabet \mathit on input line 35.
LaTeX Font Info:    Overwriting math alphabet `\mathit' in version `normal'
(Font)                  OT1/lmr/m/it --> OT1/ptm/m/it on input line 35.
LaTeX Font Info:    Overwriting math alphabet `\mathit' in version `bold'
(Font)                  OT1/lmr/bx/it --> OT1/ptm/m/it on input line 35.
LaTeX Info: Redefining \hbar on input line 50.
) (d:/4_LaTex/texlive/2022/texmf-dist/tex/latex/cjk/texinput/UTF8/UTF8.bdg
File: UTF8.bdg 2021/10/16 4.8.5
)
(d:/4_LaTex/texlive/2022/texmf-dist/tex/latex/cjk/texinput/UTF8/UTF8.enc
File: UTF8.enc 2021/10/16 4.8.5
)
(d:/4_LaTex/texlive/2022/texmf-dist/tex/latex/cjk/texinput/UTF8/UTF8.chr
File: UTF8.chr 2021/10/16 4.8.5
)
LaTeX Font Info:    Trying to load font information for OT1+ptm on input line 6
5.

(d:/4_LaTex/texlive/2022/texmf-dist/tex/latex/psnfss/ot1ptm.fd
File: ot1ptm.fd 2001/06/04 font definitions for OT1/ptm.
) (./hw.aux)
\openout1 = `hw.aux'.

LaTeX Font Info:    Checking defaults for OML/cmm/m/it on input line 65.
LaTeX Font Info:    ... okay on input line 65.
LaTeX Font Info:    Checking defaults for OMS/cmsy/m/n on input line 65.
LaTeX Font Info:    ... okay on input line 65.
LaTeX Font Info:    Checking defaults for OT1/cmr/m/n on input line 65.
LaTeX Font Info:    ... okay on input line 65.
LaTeX Font Info:    Checking defaults for T1/cmr/m/n on input line 65.
LaTeX Font Info:    ... okay on input line 65.
LaTeX Font Info:    Checking defaults for TS1/cmr/m/n on input line 65.
LaTeX Font Info:    ... okay on input line 65.
LaTeX Font Info:    Checking defaults for OMX/cmex/m/n on input line 65.
LaTeX Font Info:    ... okay on input line 65.
LaTeX Font Info:    Checking defaults for U/cmr/m/n on input line 65.
LaTeX Font Info:    ... okay on input line 65.
LaTeX Font Info:    Checking defaults for C00/song/m/n on input line 65.
LaTeX Font Info:    ... okay on input line 65.
LaTeX Font Info:    Checking defaults for C05/song/m/n on input line 65.
LaTeX Font Info:    ... okay on input line 65.
LaTeX Font Info:    Checking defaults for C09/song/m/n on input line 65.
LaTeX Font Info:    ... okay on input line 65.
LaTeX Font Info:    Checking defaults for C10/song/m/n on input line 65.
LaTeX Font Info:    ... okay on input line 65.
LaTeX Font Info:    Checking defaults for C20/song/m/n on input line 65.
LaTeX Font Info:    ... okay on input line 65.
LaTeX Font Info:    Checking defaults for C19/song/m/n on input line 65.
LaTeX Font Info:    ... okay on input line 65.
LaTeX Font Info:    Checking defaults for C40/song/m/n on input line 65.
LaTeX Font Info:    ... okay on input line 65.
LaTeX Font Info:    Checking defaults for C42/song/m/n on input line 65.
LaTeX Font Info:    ... okay on input line 65.
LaTeX Font Info:    Checking defaults for C43/song/m/n on input line 65.
LaTeX Font Info:    ... okay on input line 65.
LaTeX Font Info:    Checking defaults for C50/song/m/n on input line 65.
LaTeX Font Info:    ... okay on input line 65.
LaTeX Font Info:    Checking defaults for C52/song/m/n on input line 65.
LaTeX Font Info:    ... okay on input line 65.
LaTeX Font Info:    Checking defaults for C49/song/m/n on input line 65.
LaTeX Font Info:    ... okay on input line 65.
LaTeX Font Info:    Checking defaults for C60/mj/m/n on input line 65.
LaTeX Font Info:    ... okay on input line 65.
LaTeX Font Info:    Checking defaults for C61/mj/m/n on input line 65.
LaTeX Font Info:    ... okay on input line 65.
LaTeX Font Info:    Checking defaults for C63/mj/m/n on input line 65.
LaTeX Font Info:    ... okay on input line 65.
LaTeX Font Info:    Checking defaults for C64/mj/m/n on input line 65.
LaTeX Font Info:    ... okay on input line 65.
LaTeX Font Info:    Checking defaults for C65/mj/m/n on input line 65.
LaTeX Font Info:    ... okay on input line 65.
LaTeX Font Info:    Checking defaults for C70/song/m/n on input line 65.
LaTeX Font Info:    ... okay on input line 65.
LaTeX Font Info:    Checking defaults for C31/song/m/n on input line 65.
LaTeX Font Info:    ... okay on input line 65.
LaTeX Font Info:    Checking defaults for C32/song/m/n on input line 65.
LaTeX Font Info:    ... okay on input line 65.
LaTeX Font Info:    Checking defaults for C33/song/m/n on input line 65.
LaTeX Font Info:    ... okay on input line 65.
LaTeX Font Info:    Checking defaults for C34/song/m/n on input line 65.
LaTeX Font Info:    ... okay on input line 65.
LaTeX Font Info:    Checking defaults for C35/song/m/n on input line 65.
LaTeX Font Info:    ... okay on input line 65.
LaTeX Font Info:    Checking defaults for C36/song/m/n on input line 65.
LaTeX Font Info:    ... okay on input line 65.
LaTeX Font Info:    Checking defaults for C37/song/m/n on input line 65.
LaTeX Font Info:    ... okay on input line 65.
LaTeX Font Info:    Checking defaults for C80/song/m/n on input line 65.
LaTeX Font Info:    ... okay on input line 65.
LaTeX Font Info:    Checking defaults for C81/song/m/n on input line 65.
LaTeX Font Info:    ... okay on input line 65.
LaTeX Font Info:    Checking defaults for C01/song/m/n on input line 65.
LaTeX Font Info:    ... okay on input line 65.
LaTeX Font Info:    Checking defaults for C11/song/m/n on input line 65.
LaTeX Font Info:    ... okay on input line 65.
LaTeX Font Info:    Checking defaults for C21/song/m/n on input line 65.
LaTeX Font Info:    ... okay on input line 65.
LaTeX Font Info:    Checking defaults for C41/song/m/n on input line 65.
LaTeX Font Info:    ... okay on input line 65.
LaTeX Font Info:    Checking defaults for C62/song/m/n on input line 65.
LaTeX Font Info:    ... okay on input line 65.
LaTeX Font Info:    Checking defaults for PD1/pdf/m/n on input line 65.
LaTeX Font Info:    ... okay on input line 65.
LaTeX Font Info:    Checking defaults for PU/pdf/m/n on input line 65.
LaTeX Font Info:    ... okay on input line 65.

*geometry* driver: auto-detecting
*geometry* detected driver: pdftex
*geometry* verbose mode - [ preamble ] result:
* driver: pdftex
* paper: <default>
* layout: <same size as paper>
* layoutoffset:(h,v)=(0.0pt,0.0pt)
* modes: 
* h-part:(L,W,R)=(85.35826pt, 426.79135pt, 85.35826pt)
* v-part:(T,H,B)=(85.35826pt, 688.5567pt, 71.13188pt)
* \paperwidth=597.50787pt
* \paperheight=845.04684pt
* \textwidth=426.79135pt
* \textheight=688.5567pt
* \oddsidemargin=13.08827pt
* \evensidemargin=13.08827pt
* \topmargin=-23.91173pt
* \headheight=15.0pt
* \headsep=25.0pt
* \topskip=10.0pt
* \footskip=15.0pt
* \marginparwidth=57.0pt
* \marginparsep=11.0pt
* \columnsep=10.0pt
* \skip\footins=9.0pt plus 4.0pt minus 2.0pt
* \hoffset=0.0pt
* \voffset=0.0pt
* \mag=1000
* \@twocolumnfalse
* \@twosidefalse
* \@mparswitchfalse
* \@reversemarginfalse
* (1in=72.27pt=25.4mm, 1cm=28.453pt)

Package hyperref Info: Link coloring ON on input line 65.
(d:/4_LaTex/texlive/2022/texmf-dist/tex/latex/hyperref/nameref.sty
Package: nameref 2021-04-02 v2.47 Cross-referencing by name of section

(d:/4_LaTex/texlive/2022/texmf-dist/tex/latex/refcount/refcount.sty
Package: refcount 2019/12/15 v3.6 Data extraction from label references (HO)
)
(d:/4_LaTex/texlive/2022/texmf-dist/tex/generic/gettitlestring/gettitlestring.s
ty
Package: gettitlestring 2019/12/15 v1.6 Cleanup title references (HO)
)
\c@section@level=\count375
)
LaTeX Info: Redefining \ref on input line 65.
LaTeX Info: Redefining \pageref on input line 65.
LaTeX Info: Redefining \nameref on input line 65.
 (./hw.out) (./hw.out)
\@outlinefile=\write3
\openout3 = `hw.out'.


(d:/4_LaTex/texlive/2022/texmf-dist/tex/context/base/mkii/supp-pdf.mkii
[Loading MPS to PDF converter (version 2006.09.02).]
\scratchcounter=\count376
\scratchdimen=\dimen312
\scratchbox=\box98
\nofMPsegments=\count377
\nofMParguments=\count378
\everyMPshowfont=\toks54
\MPscratchCnt=\count379
\MPscratchDim=\dimen313
\MPnumerator=\count380
\makeMPintoPDFobject=\count381
\everyMPtoPDFconversion=\toks55
) (d:/4_LaTex/texlive/2022/texmf-dist/tex/latex/epstopdf-pkg/epstopdf-base.sty
Package: epstopdf-base 2020-01-24 v2.11 Base part for package epstopdf
Package epstopdf-base Info: Redefining graphics rule for `.eps' on input line 4
85.

(d:/4_LaTex/texlive/2022/texmf-dist/tex/latex/latexconfig/epstopdf-sys.cfg
File: epstopdf-sys.cfg 2010/07/13 v1.3 Configuration of (r)epstopdf for TeX Liv
e
))
\c@lstlisting=\count382

(d:/4_LaTex/texlive/2022/texmf-dist/tex/latex/ninecolors/ninecolors.sty
Package: ninecolors 2022-02-13 vv2022D Select colors with proper color contrast

)
\c@problem=\count383
\c@computerexercise=\count384

(d:/4_LaTex/texlive/2022/texmf-dist/tex/generic/ctex/zhmap/ctex-zhmap-windows.t
ex
File: ctex-zhmap-windows.tex 2021/12/12 v2.5.8 Windows font map loader for pdfT
eX and DVIPDFMx (CTEX)
{d:/4_LaTex/texlive/2022/texmf-var/fonts/map/pdftex/updmap/pdftex.map}{UGBK.sfd
}{Unicode.sfd}) [1

]
LaTeX Font Info:    Trying to load font information for C70+rm on input line 71
.

(d:/4_LaTex/texlive/2022/texmf-dist/tex/latex/ctex/fd/c70rm.fd
File: c70rm.fd 2021/12/12 v2.5.8 Chinese font definition (CTEX)
)
<logo.png, id=71, 587.796pt x 284.7438pt>
File: logo.png Graphic file (type png)
<use logo.png>
Package pdftex.def Info: logo.png  used on input line 71.
(pdftex.def)             Requested size: 88.16559pt x 42.70972pt.
LaTeX Font Info:    Trying to load font information for OT1+lmtt on input line 
71.

(d:/4_LaTex/texlive/2022/texmf-dist/tex/latex/lm/ot1lmtt.fd
File: ot1lmtt.fd 2015/05/01 v1.6.1 Font defs for Latin Modern
) (./hw.toc
LaTeX Font Info:    Trying to load font information for OT1+ztmcm on input line
 2.

(d:/4_LaTex/texlive/2022/texmf-dist/tex/latex/psnfss/ot1ztmcm.fd
File: ot1ztmcm.fd 2000/01/03 Fontinst v1.801 font definitions for OT1/ztmcm.
)
LaTeX Font Info:    Trying to load font information for OML+ztmcm on input line
 2.

(d:/4_LaTex/texlive/2022/texmf-dist/tex/latex/psnfss/omlztmcm.fd
File: omlztmcm.fd 2000/01/03 Fontinst v1.801 font definitions for OML/ztmcm.
)
LaTeX Font Info:    Trying to load font information for OMS+ztmcm on input line
 2.

(d:/4_LaTex/texlive/2022/texmf-dist/tex/latex/psnfss/omsztmcm.fd
File: omsztmcm.fd 2000/01/03 Fontinst v1.801 font definitions for OMS/ztmcm.
)
LaTeX Font Info:    Trying to load font information for OMX+ztmcm on input line
 2.

(d:/4_LaTex/texlive/2022/texmf-dist/tex/latex/psnfss/omxztmcm.fd
File: omxztmcm.fd 2000/01/03 Fontinst v1.801 font definitions for OMX/ztmcm.
)
LaTeX Font Info:    Trying to load font information for U+rsfs on input line 2.


(d:/4_LaTex/texlive/2022/texmf-dist/tex/latex/jknapltx/ursfs.fd
File: ursfs.fd 1998/03/24 rsfs font definition file (jk)
)

LaTeX Font Warning: Font shape `U/rsfs/m/n' in size <10.53937> not available
(Font)              size <10.95> substituted on input line 2.

LaTeX Font Info:    Trying to load font information for U+esvect on input line 
2.
(d:/4_LaTex/texlive/2022/texmf-dist/tex/latex/esvect/uesvect.fd
File: uesvect.fd 
)

LaTeX Font Warning: Font shape `U/esvect/m/n' in size <10.53937> not available
(Font)              size <10.95> substituted on input line 2.

LaTeX Font Info:    Font shape `OT1/ptm/bx/n' in size <10.53937> not available
(Font)              Font shape `OT1/ptm/b/n' tried instead on input line 2.
LaTeX Font Info:    Font shape `OT1/ptm/bx/n' in size <7> not available
(Font)              Font shape `OT1/ptm/b/n' tried instead on input line 2.
LaTeX Font Info:    Font shape `OT1/ptm/bx/n' in size <5> not available
(Font)              Font shape `OT1/ptm/b/n' tried instead on input line 2.
Package CJKpunct Info: use punctuation spaces for family 'rm' with punctstyle (
banjiao) on input line 3.
)
\tf@toc=\write4
\openout4 = `hw.toc'.


pdfTeX warning (ext4): destination with the same identifier (name{page.1}) has 
been already used, duplicate ignored
<to be read again> 
                   \relax 
l.73 \newpage
              [1 <./logo.png>] [2]
Overfull \hbox (8.3052pt too wide) in paragraph at lines 208--209
[]\C70/rm/m/n/10.53937/52 ) \C70/rm/m/n/10.53937/75 ( \C70/rm/m/n/10.53937/5f ^
^O\OT1/ptm/m/n/10.53937 ([][]5[][])|\C70/rm/m/n/10.53937/30 ^^A| \C70/rm/m/n/10
.53937/5f ^^O\OT1/ptm/m/n/10.53937 ([][]11[][])\C70/rm/m/n/10.53937/54  \C70/r
m/m/n/10.53937/5f ^^O\OT1/ptm/m/n/10.53937 ([][]15[][])|\C70/rm/m/n/10.53937/ff
 ^^L| \C70/rm/m/n/10.53937/53  \C70/rm/m/n/10.53937/4e  \C70/rm/m/n/10.53937/
6c B \C70/rm/m/n/10.53937/89  \C70/rm/m/n/10.53937/5f  \C70/rm/m/n/10.53937/5
2 0 \C70/rm/m/n/10.53937/57 ( \C70/rm/m/n/10.53937/76  \C70/rm/m/n/10.53937/5e
 r \C70/rm/m/n/10.53937/60 ^^A$[]$\C70/rm/m/n/10.53937/4e  \C70/rm/m/n/10.5393
7/6b c \C70/rm/m/n/10.53937/4e  \C70/rm/m/n/10.53937/63 / \C70/rm/m/n/10.53937
/5e E \C70/rm/m/n/10.53937/52 ^^F \C70/rm/m/n/10.53937/91 $\OML/ztmcm/m/it/10.
53937 X[]$\C70/rm/m/n/10.53937/54  \C70/rm/m/n/10.53937/6b c \C70/rm/m/n/10.53
937/4e  \C70/rm/m/n/10.53937/4f M \C70/rm/m/n/10.53937/76  \C70/rm/m/n/10.539
37/52 ^^F \C70/rm/m/n/10.53937/91 $\OML/ztmcm/m/it/10.53937 X[]$\C70/rm/m/n/10
.53937/76 
 []

[3]
Overfull \hbox (14.77673pt too wide) in paragraph at lines 232--233
[]\C70/rm/m/n/10.53937/56  \C70/rm/m/n/10.53937/6b d|\C70/rm/m/n/10.53937/ff ^
^L| \C70/rm/m/n/10.53937/75 5 \C70/rm/m/n/10.53937/78  \C70/rm/m/n/10.53937/57
 : \C70/rm/m/n/10.53937/76  \C70/rm/m/n/10.53937/6b c \C70/rm/m/n/10.53937/4e 
 \C70/rm/m/n/10.53937/52 ^^F \C70/rm/m/n/10.53937/91  \C70/rm/m/n/10.53937/7b
  &$\OML/ztmcm/m/it/10.53937 X[]$\C70/rm/m/n/10.53937/54 $\OML/ztmcm/m/it/10.
53937 X[]$\C70/rm/m/n/10.53937/4e _ \C70/rm/m/n/10.53937/53  \C70/rm/m/n/10.53
937/52 ^^F + \C70/rm/m/n/10.53937/77  \C70/rm/m/n/10.53937/4f \ \C70/rm/m/n/10
.53937/51 I \C70/rm/m/n/10.53937/5b P \C70/rm/m/n/10.53937/6e n \C70/rm/m/n/10.
53937/70 m \C70/rm/m/n/10.53937/7b  &$[]$\C70/rm/m/n/10.53937/76  \C70/rm/m/n
/10.53937/5b  \C70/rm/m/n/10.53937/90  \C70/rm/m/n/10.53937/7b  & \C70/rm/m/
n/10.53937/54  \C70/rm/m/n/10.53937/86 Z \C70/rm/m/n/10.53937/90  \C70/rm/m/n
/10.53937/7b  &|\C70/rm/m/n/10.53937/30 ^^B| \C70/rm/m/n/10.53937/5f ^^O\OT1/p
tm/m/n/10.53937 ([][]27[][])\C70/rm/m/n/10.53937/57 (
 []

<L3/f1.pdf, id=303, 1144.32597pt x 625.70763pt>
File: L3/f1.pdf Graphic file (type pdf)
<use L3/f1.pdf>
Package pdftex.def Info: L3/f1.pdf  used on input line 237.
(pdftex.def)             Requested size: 341.43437pt x 186.69215pt.

Overfull \hbox (1.34819pt too wide) in paragraph at lines 234--240
[]\C70/rm/m/n/10.53937/77 ^^_ \C70/rm/m/n/10.53937/7a z \C70/rm/m/n/10.53937/60
 ^^A \C70/rm/m/n/10.53937/54  \C70/rm/m/n/10.53937/76  \C70/rm/m/n/10.53937/5
e r \C70/rm/m/n/10.53937/60 ^^A \C70/rm/m/n/10.53937/76  \C70/rm/m/n/10.53937/
6d  \C70/rm/m/n/10.53937/84 = \C70/rm/m/n/10.53937/57 ( \C70/rm/m/n/10.53937/7
6  \C70/rm/m/n/10.53937/7a z \C70/rm/m/n/10.53937/95  \C70/rm/m/n/10.53937/4e
 - \C70/rm/m/n/10.53937/76  \C70/rm/m/n/10.53937/88 h \C70/rm/m/n/10.53937/79 
: \C70/rm/m/n/10.53937/59  \C70/rm/m/n/10.53937/56 \OT1/ptm/m/n/10.53937 ([][
]1[][])\C70/rm/m/n/10.53937/62 @ \C70/rm/m/n/10.53937/79 :|\C70/rm/m/n/10.53937
/ff ^^L| \C70/rm/m/n/10.53937/5f S$\OMS/ztmcm/m/n/10.53937 j\OML/ztmcm/m/it/10.
53937 z\OMS/ztmcm/m/n/10.53937 j$\C70/rm/m/n/10.53937/8d  \C70/rm/m/n/10.53937
/59 '|\C70/rm/m/n/10.53937/ff ^^L| $\OT1/ztmcm/m/n/10.53937 ^^A\OML/ztmcm/m/it/
10.53937 ^^R$\C70/rm/m/n/10.53937/8d  \C70/rm/m/n/10.53937/5c ^^O|\C70/rm/m/n/
10.53937/ff ^^[| \C70/rm/m/n/10.53937/5f S$\OMS/ztmcm/m/n/10.53937 j\OML/ztmcm/
m/it/10.53937 z\OMS/ztmcm/m/n/10.53937 j$\C70/rm/m/n/10.53937/8d  \C70/rm/m/n/
10.53937/8f  \C70/rm/m/n/10.53937/4e $\OMS/ztmcm/m/n/10.53937 1$\C70/rm/m/n/1
0.53937/65 |\C70/rm/m/n/10.53937/ff ^^L|
 []

[4
pdfTeX warning (ext4): destination with the same identifier (name{figure.1}) ha
s been already used, duplicate ignored
<argument> ...shipout:D \box_use:N \l_shipout_box 
                                                  \__shipout_drop_firstpage_...
l.255 
       <./L3/f1.pdf>]
<L3/f2.pdf, id=332, 1075.48283pt x 911.78918pt>
File: L3/f2.pdf Graphic file (type pdf)
<use L3/f2.pdf>
Package pdftex.def Info: L3/f2.pdf  used on input line 259.
(pdftex.def)             Requested size: 341.43437pt x 289.46898pt.
 [5
pdfTeX warning (ext4): destination with the same identifier (name{figure.2}) ha
s been already used, duplicate ignored
<argument> ...shipout:D \box_use:N \l_shipout_box 
                                                  \__shipout_drop_firstpage_...
l.282 \justifying{\setlength{\parindent}{2em}{压
                                                 缩算符具有以下性质...
 <./L3/f2.pdf>] [6
pdfTeX warning (ext4): destination with the same identifier (name{equation.1.36
}) has been already used, duplicate ignored
<argument> ...shipout:D \box_use:N \l_shipout_box 
                                                  \__shipout_drop_firstpage_...
l.345 \end{equation}
                    
pdfTeX warning (ext4): destination with the same identifier (name{equation.1.36
}) has been already used, duplicate ignored
<argument> ...shipout:D \box_use:N \l_shipout_box 
                                                  \__shipout_drop_firstpage_...
l.345 \end{equation}
                    
pdfTeX warning (ext4): destination with the same identifier (name{equation.1.36
}) has been already used, duplicate ignored
<argument> ...shipout:D \box_use:N \l_shipout_box 
                                                  \__shipout_drop_firstpage_...
l.345 \end{equation}
                    ]
<L3/f3.pdf, id=370, 440.5961pt x 434.47668pt>
File: L3/f3.pdf Graphic file (type pdf)
<use L3/f3.pdf>
Package pdftex.def Info: L3/f3.pdf  used on input line 411.
(pdftex.def)             Requested size: 128.0387pt x 126.2602pt.
 [7
pdfTeX warning (ext4): destination with the same identifier (name{equation.1.37
}) has been already used, duplicate ignored
<argument> ...shipout:D \box_use:N \l_shipout_box 
                                                  \__shipout_drop_firstpage_...
l.415 
      
pdfTeX warning (ext4): destination with the same identifier (name{equation.1.37
}) has been already used, duplicate ignored
<argument> ...shipout:D \box_use:N \l_shipout_box 
                                                  \__shipout_drop_firstpage_...
l.415 
      
pdfTeX warning (ext4): destination with the same identifier (name{equation.1.38
}) has been already used, duplicate ignored
<argument> ...shipout:D \box_use:N \l_shipout_box 
                                                  \__shipout_drop_firstpage_...
l.415 
      
pdfTeX warning (ext4): destination with the same identifier (name{equation.1.38
}) has been already used, duplicate ignored
<argument> ...shipout:D \box_use:N \l_shipout_box 
                                                  \__shipout_drop_firstpage_...
l.415 
      
pdfTeX warning (ext4): destination with the same identifier (name{equation.1.38
}) has been already used, duplicate ignored
<argument> ...shipout:D \box_use:N \l_shipout_box 
                                                  \__shipout_drop_firstpage_...
l.415 
      ] [8
pdfTeX warning (ext4): destination with the same identifier (name{figure.3}) ha
s been already used, duplicate ignored
<argument> ...shipout:D \box_use:N \l_shipout_box 
                                                  \__shipout_drop_firstpage_...
l.467 \end{equation}
                     <./L3/f3.pdf>]
<L3/f4.pdf, id=409, 1038.76657pt x 592.05101pt>
File: L3/f4.pdf Graphic file (type pdf)
<use L3/f4.pdf>
Package pdftex.def Info: L3/f4.pdf  used on input line 497.
(pdftex.def)             Requested size: 341.43437pt x 194.60051pt.
 [9
pdfTeX warning (ext4): destination with the same identifier (name{figure.4}) ha
s been already used, duplicate ignored
<argument> ...shipout:D \box_use:N \l_shipout_box 
                                                  \__shipout_drop_firstpage_...
l.524 \section
              {\large 压缩态光场的产生} <./L3/f4.pdf>]
! Misplaced alignment tab character &.
l.528 \ket{\xi}&
                =\hat{S}(\xi)\ket{0}
I can't figure out why you would want to use a tab mark
here. If you just want an ampersand, the remedy is
simple: Just type `I\&' now. But if some right brace
up above has ended a previous alignment prematurely,
you're probably due for more error messages, and you
might try typing `S' now just to see what is salvageable.

! Misplaced alignment tab character &.
l.533 \hat{S}(\xi)=\exp[\dfrac{1}{2}&
                                     (\xi^*\hat{a}^2-\xi(\hat{a}^\dag)^2)]
I can't figure out why you would want to use a tab mark
here. If you just want an ampersand, the remedy is
simple: Just type `I\&' now. But if some right brace
up above has ended a previous alignment prematurely,
you're probably due for more error messages, and you
might try typing `S' now just to see what is salvageable.

<L3/f5.pdf, id=435, 696.08066pt x 131.5669pt>
File: L3/f5.pdf Graphic file (type pdf)
<use L3/f5.pdf>
Package pdftex.def Info: L3/f5.pdf  used on input line 567.
(pdftex.def)             Requested size: 341.43437pt x 64.53459pt.

Overfull \hbox (1.48872pt too wide) in paragraph at lines 578--579
[]\C70/rm/m/n/10.53937/51 v \C70/rm/m/n/10.53937/4e -|\C70/rm/m/n/10.53937/ff ^
^L| $\OML/ztmcm/m/it/10.53937 !$\C70/rm/m/n/10.53937/54 $[]$\C70/rm/m/n/10.539
37/52 ^^F + \C70/rm/m/n/10.53937/66 / \C70/rm/m/n/10.53937/4f  \C70/rm/m/n/10.
53937/53  \C70/rm/m/n/10.53937/57 : \C70/rm/m/n/10.53937/76  \C70/rm/m/n/10.5
3937/98  \C70/rm/m/n/10.53937/73  \C70/rm/m/n/10.53937/54  \C70/rm/m/n/10.53
937/51 I \C70/rm/m/n/10.53937/5b P \C70/rm/m/n/10.53937/6e n \C70/rm/m/n/10.539
37/70 m \C70/rm/m/n/10.53937/7b  &|\C70/rm/m/n/10.53937/ff ^^[| $\OML/ztmcm/m/
it/10.53937 ![]$\C70/rm/m/n/10.53937/54 $[]$\C70/rm/m/n/10.53937/66 / \C70/rm/
m/n/10.53937/6c  \C70/rm/m/n/10.53937/6d f \C70/rm/m/n/10.53937/57 : \C70/rm/m
/n/10.53937/76  \C70/rm/m/n/10.53937/98  \C70/rm/m/n/10.53937/73  \C70/rm/m/
n/10.53937/54  \C70/rm/m/n/10.53937/51 I \C70/rm/m/n/10.53937/5b P \C70/rm/m/n
/10.53937/6e n \C70/rm/m/n/10.53937/70 m \C70/rm/m/n/10.53937/7b  &|\C70/rm/m/
n/10.53937/ff ^^[| $\OML/ztmcm/m/it/10.53937 ^^_[]$\C70/rm/m/n/10.53937/66 /
 []

[10
pdfTeX warning (ext4): destination with the same identifier (name{figure.5}) ha
s been already used, duplicate ignored
<argument> ...shipout:D \box_use:N \l_shipout_box 
                                                  \__shipout_drop_firstpage_...
l.580 \justifying{\setlength{\parindent}{2em}{一
                                                 般来说，泵浦场越强...
 <./L3/f5.pdf>]
<L3/f6.pdf, id=461, 729.73727pt x 287.61131pt>
File: L3/f6.pdf Graphic file (type pdf)
<use L3/f6.pdf>
Package pdftex.def Info: L3/f6.pdf  used on input line 611.
(pdftex.def)             Requested size: 256.07741pt x 100.92877pt.

Overfull \hbox (8.05215pt too wide) in paragraph at lines 624--626
[]\C70/rm/m/n/10.53937/4e ^^N \C70/rm/m/n/10.53937/7b  \C70/rm/m/n/10.53937/5e
 v \C70/rm/m/n/10.53937/53  \C70/rm/m/n/10.53937/91  \C70/rm/m/n/10.53937/4e 
 \C70/rm/m/n/10.53937/8f l \C70/rm/m/n/10.53937/63 b \C70/rm/m/n/10.53937/8f 
 \C70/rm/m/n/10.53937/7a  \C70/rm/m/n/10.53937/4f \ \C70/rm/m/n/10.53937/7c { 
\C70/rm/m/n/10.53937/4f < \C70/rm/m/n/10.53937/76  \C70/rm/m/n/10.53937/8b  
|\C70/rm/m/n/10.53937/ff ^^L| \C70/rm/m/n/10.53937/53   \C70/rm/m/n/10.53937/
91  \C70/rm/m/n/10.53937/8f  \C70/rm/m/n/10.53937/4f <|\C70/rm/m/n/10.53937/f
f ^^L| \C70/rm/m/n/10.53937/53  \C70/rm/m/n/10.53937/63 b \C70/rm/m/n/10.53937
/52 0 \C70/rm/m/n/10.53937/76  \C70/rm/m/n/10.53937/4e  \C70/rm/m/n/10.53937/
4f \ \C70/rm/m/n/10.53937/75 ( \C70/rm/m/n/10.53937/7e  \C70/rm/m/n/10.53937/6
6 o|\C70/rm/m/n/10.53937/30 ^^A| \C70/rm/m/n/10.53937/80 ^^C \C70/rm/m/n/10.539
37/86 Q \C70/rm/m/n/10.53937/51 q \C70/rm/m/n/10.53937/63 / \C70/rm/m/n/10.5393
7/60  \C70/rm/m/n/10.53937/51 $\OML/ztmcm/m/it/10.53937 ![] \OT1/ztmcm/m/n/10
.53937 =
 []

[11
pdfTeX warning (ext4): destination with the same identifier (name{figure.6}) ha
s been already used, duplicate ignored
<argument> ...shipout:D \box_use:N \l_shipout_box 
                                                  \__shipout_drop_firstpage_...
l.631 
       <./L3/f6.pdf>]
Overfull \hbox (9.57735pt too wide) in paragraph at lines 632--633
\C70/rm/m/n/10.53937/79 :|\C70/rm/m/n/10.53937/ff ^^L| \C70/rm/m/n/10.53937/62 
@ \C70/rm/m/n/10.53937/67 	 \C70/rm/m/n/10.53937/6d K \C70/rm/m/n/10.53937/91 
 \C70/rm/m/n/10.53937/52 0 \C70/rm/m/n/10.53937/76  \C70/rm/m/n/10.53937/56 j 
\C70/rm/m/n/10.53937/58  \C70/rm/m/n/10.53937/67 e \C70/rm/m/n/10.53937/81  \
C70/rm/m/n/10.53937/4e  \C70/rm/m/n/10.53937/90 ^^Z \C70/rm/m/n/10.53937/8f \
OT1/ptm/m/n/10.53937 50:50\C70/rm/m/n/10.53937/52 ^^F \C70/rm/m/n/10.53937/67 _
 \C70/rm/m/n/10.53937/56 h \C70/rm/m/n/10.53937/7a  \C70/rm/m/n/10.53937/53  
\C70/rm/m/n/10.53937/8f  \C70/rm/m/n/10.53937/51 e \C70/rm/m/n/10.53937/5e r \
C70/rm/m/n/10.53937/6d  \C70/rm/m/n/10.53937/4e  \C70/rm/m/n/10.53937/76  \C
70/rm/m/n/10.53937/77 ^^_ \C70/rm/m/n/10.53937/7a z \C70/rm/m/n/10.53937/57 : \
C70/rm/m/n/10.53937/76  \C70/rm/m/n/10.53937/4e ^^@ * \C70/rm/m/n/10.53937/6b 
c \C70/rm/m/n/10.53937/4e  \C70/rm/m/n/10.53937/60 ^^A$[]$|\C70/rm/m/n/10.5393
7/30 ^^B| \OT1/ptm/m/n/10.53937 Caves\C70/rm/m/n/10.53937/76 
 []

<L3/f7.pdf, id=486, 515.55862pt x 403.87978pt>
File: L3/f7.pdf Graphic file (type pdf)
<use L3/f7.pdf>
Package pdftex.def Info: L3/f7.pdf  used on input line 637.
(pdftex.def)             Requested size: 170.71393pt x 133.73677pt.
<L3/f8.pdf, id=489, 1588.69633pt x 507.39563pt>
File: L3/f8.pdf Graphic file (type pdf)
<use L3/f8.pdf>
Package pdftex.def Info: L3/f8.pdf  used on input line 646.
(pdftex.def)             Requested size: 426.79135pt x 136.30185pt.
[12
pdfTeX warning (ext4): destination with the same identifier (name{figure.7}) ha
s been already used, duplicate ignored
<argument> ...shipout:D \box_use:N \l_shipout_box 
                                                  \__shipout_drop_firstpage_...
l.650 
       <./L3/f7.pdf>]
<L3/f9.pdf, id=510, 714.41907pt x 523.9575pt>
File: L3/f9.pdf Graphic file (type pdf)
<use L3/f9.pdf>
Package pdftex.def Info: L3/f9.pdf  used on input line 654.
(pdftex.def)             Requested size: 341.43437pt x 250.40942pt.

Overfull \hbox (0.3789pt too wide) in paragraph at lines 651--657
\C70/rm/m/n/10.53937/52 0\OT1/ptm/m/n/10.53937 4km\C70/rm/m/n/10.53937/76 \OT1
/ptm/m/n/10.53937 L\C70/rm/m/n/10.53937/57  \C70/rm/m/n/10.53937/6f  \C70/rm/
m/n/10.53937/51 I \C70/rm/m/n/10.53937/5e r \C70/rm/m/n/10.53937/6d  \C70/rm/m
/n/10.53937/5f ^^U \C70/rm/m/n/10.53937/52  \C70/rm/m/n/10.53937/6c  \C70/rm/
m/n/10.53937/63  \C70/rm/m/n/10.53937/6d K \C70/rm/m/n/10.53937/56 h\OT1/ptm/m
/n/10.53937 (LIGO)|\C70/rm/m/n/10.53937/ff ^^L| \C70/rm/m/n/10.53937/4e K \C70/
rm/m/n/10.53937/54 ^^N \C70/rm/m/n/10.53937/5e v \C70/rm/m/n/10.53937/4e ^^M \C
70/rm/m/n/10.53937/65  \C70/rm/m/n/10.53937/5b  \C70/rm/m/n/10.53937/51 v \C7
0/rm/m/n/10.53937/8f  \C70/rm/m/n/10.53937/88 L \C70/rm/m/n/10.53937/53 G \C70
/rm/m/n/10.53937/7e |\C70/rm/m/n/10.53937/30 ^^B| \C70/rm/m/n/10.53937/76  \C
70/rm/m/n/10.53937/52 0\OT1/ptm/m/n/10.53937 2015\C70/rm/m/n/10.53937/5e t\OT1/
ptm/m/n/10.53937 9\C70/rm/m/n/10.53937/67 ^^H|\C70/rm/m/n/10.53937/ff ^^L| \OT1
/ptm/m/n/10.53937 LIGO\C70/rm/m/n/10.53937/99 
 []

<L3/f10.pdf, id=512, 695.59875pt x 543.53062pt>
File: L3/f10.pdf Graphic file (type pdf)
<use L3/f10.pdf>
Package pdftex.def Info: L3/f10.pdf  used on input line 660.
(pdftex.def)             Requested size: 341.43437pt x 266.78847pt.
[13
pdfTeX warning (ext4): destination with the same identifier (name{figure.8}) ha
s been already used, duplicate ignored
<argument> ...shipout:D \box_use:N \l_shipout_box 
                                                  \__shipout_drop_firstpage_...
l.664 
      
pdfTeX warning (ext4): destination with the same identifier (name{figure.9}) ha
s been already used, duplicate ignored
<argument> ...shipout:D \box_use:N \l_shipout_box 
                                                  \__shipout_drop_firstpage_...
l.664 
       <./L3/f8.pdf> <./L3/f9.pdf

pdfTeX warning: pdflatex.exe (file ./L3/f9.pdf): PDF inclusion: multiple pdfs w
ith page group included in a single page
>]
<L3/f11.pdf, id=539, 1202.99437pt x 477.28313pt>
File: L3/f11.pdf Graphic file (type pdf)
<use L3/f11.pdf>
Package pdftex.def Info: L3/f11.pdf  used on input line 673.
(pdftex.def)             Requested size: 384.1096pt x 152.39142pt.
 [14
pdfTeX warning (ext4): destination with the same identifier (name{figure.10}) h
as been already used, duplicate ignored
<argument> ...shipout:D \box_use:N \l_shipout_box 
                                                  \__shipout_drop_firstpage_...
l.679 
      
pdfTeX warning (ext4): destination with the same identifier (name{figure.11}) h
as been already used, duplicate ignored
<argument> ...shipout:D \box_use:N \l_shipout_box 
                                                  \__shipout_drop_firstpage_...
l.679 
       <./L3/f10.pdf> <./L3/f11.pdf

pdfTeX warning: pdflatex.exe (file ./L3/f11.pdf): PDF inclusion: multiple pdfs 
with page group included in a single page
>]
Underfull \hbox (badness 6188) in paragraph at lines 699--700
[]\C70/rm/m/n/10.53937/79  \C70/rm/m/n/10.53937/5f  \OT1/ptm/m/n/10.53937 ,\
C70/rm/m/n/10.53937/73  \C70/rm/m/n/10.53937/7f  \C70/rm/m/n/10.53937/7e \OT
1/ptm/m/n/10.53937 ,\C70/rm/m/n/10.53937/9a l \C70/rm/m/n/10.53937/83 c\OT1/ptm
/m/n/10.53937 ,\C70/rm/m/n/10.53937/82  \C70/rm/m/n/10.53937/66 S \C70/rm/m/n/
10.53937/9f \OT1/ptm/m/n/10.53937 .[][][]\C70/rm/m/n/10.53937/53  \C70/rm/m/n
/10.53937/7f ) \C70/rm/m/n/10.53937/60 ^^A \C70/rm/m/n/10.53937/51 I \C70/rm/m/
n/10.53937/57 : \C70/rm/m/n/10.53937/53  \C70/rm/m/n/10.53937/51 v \C70/rm/m/n
/10.53937/5e  \C70/rm/m/n/10.53937/75 ( \C70/rm/m/n/10.53937/78 ^^T \C70/rm/m/
n/10.53937/7a v \C70/rm/m/n/10.53937/8f  \C70/rm/m/n/10.53937/5c U[][][]\OT1/p
tm/m/n/10.53937 [J].\C70/rm/m/n/10.53937/6f  \C70/rm/m/n/10.53937/51 I \C70/rm
/m/n/10.53937/4e ^^N \C70/rm/m/n/10.53937/51 I \C70/rm/m/n/10.53937/75 5 \C70/r
m/m/n/10.53937/5b P f \C70/rm/m/n/10.53937/8f 
 []


! LaTeX Error: Unicode character ^^B (U+0002)
               not set up for use with LaTeX.

See the LaTeX manual or LaTeX Companion for explanation.
Type  H <return>  for immediate help.
 ...                                              
                                                  
l.713 ...m four-wave mixing in hot rubidium vapor}
                                                  [J]. Optics Express,2011,1...

You may provide a definition with
\DeclareUnicodeCharacter 


Underfull \hbox (badness 3746) in paragraph at lines 713--714
[]\OT1/ptm/m/n/10.53937 Corzo N, Marino A M, Jones K M, et al. [][][]Multispati
al-mode single-beam quadra-
 []


Underfull \hbox (badness 1590) in paragraph at lines 713--714
\OT1/ptm/m/n/10.53937 ture squeezed states of light from four-wave mix-ing in h
ot ru-bid-ium va-por[][][][J]. Op-tics
 []


Underfull \hbox (badness 2326) in paragraph at lines 716--717
[]\OT1/ptm/m/n/10.53937 C. M. Caves. [][][]Quantum-mechanical Noise in an In-te
r-fer-om-e-ter[][][][J]. Phys-i-cal Re-view D
 []

[15]

! LaTeX Error: Unicode character ^^B (U+0002)
               not set up for use with LaTeX.

See the LaTeX manual or LaTeX Companion for explanation.
Type  H <return>  for immediate help.
 ...                                              
                                                  
l.728 ...sampling using stimulated squeezed light}
                                                  [J]. Physical Review Lette...

You may provide a definition with
\DeclareUnicodeCharacter 

\tf@thm=\write5
\openout5 = `hw.thm'.

[16] (./hw.aux)

LaTeX Font Warning: Size substitutions with differences
(Font)              up to 0.41063pt have occurred.


LaTeX Warning: Label(s) may have changed. Rerun to get cross-references right.

Package rerunfilecheck Info: File `hw.out' has not changed.
(rerunfilecheck)             Checksum: D836F29835865D7A6DA427644B0B58D1;1896.
 )
(\end occurred inside a group at level 100)

### simple group (level 100) entered at line 688 ({)
### simple group (level 99) entered at line 686 ({)
### simple group (level 98) entered at line 682 ({)
### simple group (level 97) entered at line 680 ({)
### simple group (level 96) entered at line 678 ({)
### simple group (level 95) entered at line 670 ({)
### simple group (level 94) entered at line 665 ({)
### simple group (level 93) entered at line 651 ({)
### simple group (level 92) entered at line 642 ({)
### simple group (level 91) entered at line 634 ({)
### simple group (level 90) entered at line 632 ({)
### simple group (level 89) entered at line 630 ({)
### simple group (level 88) entered at line 624 ({)
### simple group (level 87) entered at line 622 ({)
### simple group (level 86) entered at line 616 ({)
### simple group (level 85) entered at line 607 ({)
### simple group (level 84) entered at line 603 ({)
### simple group (level 83) entered at line 596 ({)
### simple group (level 82) entered at line 589 ({)
### simple group (level 81) entered at line 587 ({)
### simple group (level 80) entered at line 580 ({)
### simple group (level 79) entered at line 578 ({)
### simple group (level 78) entered at line 572 ({)
### simple group (level 77) entered at line 563 ({)
### simple group (level 76) entered at line 559 ({)
### simple group (level 75) entered at line 557 ({)
### simple group (level 74) entered at line 551 ({)
### simple group (level 73) entered at line 549 ({)
### simple group (level 72) entered at line 543 ({)
### simple group (level 71) entered at line 537 ({)
### simple group (level 70) entered at line 531 ({)
### simple group (level 69) entered at line 526 ({)
### simple group (level 68) entered at line 522 ({)
### simple group (level 67) entered at line 520 ({)
### simple group (level 66) entered at line 514 ({)
### simple group (level 65) entered at line 508 ({)
### simple group (level 64) entered at line 502 ({)
### simple group (level 63) entered at line 494 ({)
### simple group (level 62) entered at line 481 ({)
### simple group (level 61) entered at line 475 ({)
### simple group (level 60) entered at line 469 ({)
### simple group (level 59) entered at line 463 ({)
### simple group (level 58) entered at line 459 ({)
### simple group (level 57) entered at line 453 ({)
### simple group (level 56) entered at line 444 ({)
### simple group (level 55) entered at line 438 ({)
### simple group (level 54) entered at line 430 ({)
### simple group (level 53) entered at line 428 ({)
### simple group (level 52) entered at line 418 ({)
### simple group (level 51) entered at line 408 ({)
### simple group (level 50) entered at line 399 ({)
### simple group (level 49) entered at line 390 ({)
### simple group (level 48) entered at line 384 ({)
### simple group (level 47) entered at line 378 ({)
### simple group (level 46) entered at line 372 ({)
### simple group (level 45) entered at line 364 ({)
### simple group (level 44) entered at line 356 ({)
### simple group (level 43) entered at line 351 ({)
### simple group (level 42) entered at line 326 ({)
### simple group (level 41) entered at line 322 ({)
### simple group (level 40) entered at line 316 ({)
### simple group (level 39) entered at line 310 ({)
### simple group (level 38) entered at line 292 ({)
### simple group (level 37) entered at line 282 ({)
### simple group (level 36) entered at line 274 ({)
### simple group (level 35) entered at line 268 ({)
### simple group (level 34) entered at line 264 ({)
### simple group (level 33) entered at line 256 ({)
### simple group (level 32) entered at line 254 ({)
### simple group (level 31) entered at line 252 ({)
### simple group (level 30) entered at line 250 ({)
### simple group (level 29) entered at line 244 ({)
### simple group (level 28) entered at line 234 ({)
### simple group (level 27) entered at line 232 ({)
### simple group (level 26) entered at line 226 ({)
### simple group (level 25) entered at line 208 ({)
### simple group (level 24) entered at line 202 ({)
### simple group (level 23) entered at line 196 ({)
### simple group (level 22) entered at line 190 ({)
### simple group (level 21) entered at line 184 ({)
### simple group (level 20) entered at line 182 ({)
### simple group (level 19) entered at line 176 ({)
### simple group (level 18) entered at line 174 ({)
### simple group (level 17) entered at line 172 ({)
### simple group (level 16) entered at line 169 ({)
### simple group (level 15) entered at line 163 ({)
### simple group (level 14) entered at line 153 ({)
### simple group (level 13) entered at line 144 ({)
### simple group (level 12) entered at line 138 ({)
### simple group (level 11) entered at line 136 ({)
### simple group (level 10) entered at line 130 ({)
### simple group (level 9) entered at line 124 ({)
### simple group (level 8) entered at line 118 ({)
### simple group (level 7) entered at line 112 ({)
### simple group (level 6) entered at line 106 ({)
### simple group (level 5) entered at line 104 ({)
### simple group (level 4) entered at line 98 ({)
### simple group (level 3) entered at line 88 ({)
### simple group (level 2) entered at line 82 ({)
### simple group (level 1) entered at line 80 ({)
### bottom level 
Here is how much of TeX's memory you used:
 24725 strings out of 478268
 427424 string characters out of 5846353
 724767 words of memory out of 5000000
 42065 multiletter control sequences out of 15000+600000
 537589 words of font info for 236 fonts, out of 8000000 for 9000
 1141 hyphenation exceptions out of 8191
 89i,13n,92p,1172b,1686s stack positions out of 10000i,1000n,20000p,200000b,200000s
<c:/Windows/Fonts/simsun.ttc><c:/Windows/Fonts/simsun.ttc><c:/W
indows/Fonts/simsun.ttc><c:/Windows/Fonts/simsun.ttc><c:/Windows/Fonts/simhei.t
tf><c:/Windows/Fonts/simhei.ttf><c:/Windows/Fonts/simhei.ttf><c:/Windows/Fonts/
simsun.ttc><c:/Windows/Fonts/simsun.ttc><c:/Windows/Fonts/simhei.ttf><c:/Window
s/Fonts/simhei.ttf><c:/Windows/Fonts/simhei.ttf><c:/Windows/Fonts/simsun.ttc><c
:/Windows/Fonts/simsun.ttc><c:/Windows/Fonts/simhei.ttf><c:/Windows/Fonts/simhe
i.ttf><c:/Windows/Fonts/simhei.ttf><c:/Windows/Fonts/simhei.ttf><c:/Windows/Fon
ts/simhei.ttf><c:/Windows/Fonts/simhei.ttf><c:/Windows/Fonts/simhei.ttf><c:/Win
dows/Fonts/simhei.ttf><c:/Windows/Fonts/simhei.ttf><c:/Windows/Fonts/simhei.ttf
><c:/Windows/Fonts/simhei.ttf><c:/Windows/Fonts/simhei.ttf><c:/Windows/Fonts/si
mhei.ttf><c:/Windows/Fonts/simsun.ttc><c:/Windows/Fonts/simsun.ttc><c:/Windows/
Fonts/simhei.ttf><c:/Windows/Fonts/simhei.ttf><c:/Windows/Fonts/simhei.ttf><c:/
Windows/Fonts/simhei.ttf><c:/Windows/Fonts/simhei.ttf><c:/Windows/Fonts/simsun.
ttc><c:/Windows/Fonts/simsun.ttc><c:/Windows/Fonts/simsun.ttc><c:/Windows/Fonts
/simsun.ttc><c:/Windows/Fonts/simsun.ttc><c:/Windows/Fonts/simsun.ttc><c:/Windo
ws/Fonts/simsun.ttc><c:/Windows/Fonts/simsun.ttc><c:/Windows/Fonts/simsun.ttc><
c:/Windows/Fonts/simsun.ttc><c:/Windows/Fonts/simsun.ttc><c:/Windows/Fonts/sims
un.ttc><c:/Windows/Fonts/simsun.ttc><c:/Windows/Fonts/simsun.ttc><c:/Windows/Fo
nts/simsun.ttc><c:/Windows/Fonts/simsun.ttc><c:/Windows/Fonts/simsun.ttc><c:/Wi
ndows/Fonts/simsun.ttc><c:/Windows/Fonts/simsun.ttc><c:/Windows/Fonts/simsun.tt
c><c:/Windows/Fonts/simsun.ttc><c:/Windows/Fonts/simsun.ttc><c:/Windows/Fonts/s
imsun.ttc><c:/Windows/Fonts/simsun.ttc><c:/Windows/Fonts/simsun.ttc><c:/Windows
/Fonts/simsun.ttc><c:/Windows/Fonts/simsun.ttc><c:/Windows/Fonts/simsun.ttc><c:
/Windows/Fonts/simsun.ttc><c:/Windows/Fonts/simsun.ttc><c:/Windows/Fonts/simsun
.ttc><c:/Windows/Fonts/simhei.ttf><c:/Windows/Fonts/simhei.ttf><c:/Windows/Font
s/simsun.ttc><c:/Windows/Fonts/simsun.ttc><c:/Windows/Fonts/simsun.ttc><c:/Wind
ows/Fonts/simsun.ttc><c:/Windows/Fonts/simsun.ttc><c:/Windows/Fonts/simsun.ttc>
<c:/Windows/Fonts/simhei.ttf><c:/Windows/Fonts/simsun.ttc><c:/Windows/Fonts/sim
sun.ttc><c:/Windows/Fonts/simsun.ttc><c:/Windows/Fonts/simsun.ttc><c:/Windows/F
onts/simsun.ttc><c:/Windows/Fonts/simhei.ttf><c:/Windows/Fonts/simhei.ttf><c:/W
indows/Fonts/simhei.ttf><c:/Windows/Fonts/simsun.ttc><c:/Windows/Fonts/simsun.t
tc><c:/Windows/Fonts/simsun.ttc><c:/Windows/Fonts/simsun.ttc><c:/Windows/Fonts/
simsun.ttc><c:/Windows/Fonts/simsun.ttc><c:/Windows/Fonts/simsun.ttc><c:/Window
s/Fonts/simsun.ttc><c:/Windows/Fonts/simsun.ttc><c:/Windows/Fonts/simsun.ttc><c
:/Windows/Fonts/simsun.ttc><c:/Windows/Fonts/simsun.ttc><c:/Windows/Fonts/simsu
n.ttc><c:/Windows/Fonts/simsun.ttc><c:/Windows/Fonts/simsun.ttc><c:/Windows/Fon
ts/simsun.ttc><c:/Windows/Fonts/simsun.ttc><c:/Windows/Fonts/simsun.ttc><c:/Win
dows/Fonts/simsun.ttc><c:/Windows/Fonts/simsun.ttc><c:/Windows/Fonts/simsun.ttc
><c:/Windows/Fonts/simsun.ttc><c:/Windows/Fonts/simhei.ttf>{d:/4_LaTex/texlive/
2022/texmf-dist/fonts/enc/dvips/lm/lm-rmtt.enc}<c:/Windows/Fonts/simsun.ttc><c:
/Windows/Fonts/simsun.ttc><c:/Windows/Fonts/simhei.ttf><c:/Windows/Fonts/simhei
.ttf><c:/Windows/Fonts/simhei.ttf><c:/Windows/Fonts/simhei.ttf><c:/Windows/Font
s/simhei.ttf><c:/Windows/Fonts/simhei.ttf>{d:/4_LaTex/texlive/2022/texmf-dist/f
onts/enc/dvips/base/8r.enc}<c:/Windows/Fonts/simhei.ttf><c:/Windows/Fonts/simhe
i.ttf><c:/Windows/Fonts/simhei.ttf><c:/Windows/Fonts/simkai.ttf><c:/Windows/Fon
ts/simkai.ttf><c:/Windows/Fonts/simkai.ttf><c:/Windows/Fonts/simkai.ttf><c:/Win
dows/Fonts/simsun.ttc><c:/Windows/Fonts/simsun.ttc><c:/Windows/Fonts/simsun.ttc
><d:/4_LaTex/texlive/2022/texmf-dist/fonts/type1/public/amsfonts/cm/cmex10.pfb>
<d:/4_LaTex/texlive/2022/texmf-dist/fonts/type1/public/amsfonts/cm/cmmi10.pfb><
d:/4_LaTex/texlive/2022/texmf-dist/fonts/type1/public/amsfonts/cm/cmmib10.pfb><
d:/4_LaTex/texlive/2022/texmf-dist/fonts/type1/public/amsfonts/cm/cmr10.pfb><d:
/4_LaTex/texlive/2022/texmf-dist/fonts/type1/public/amsfonts/cm/cmsy10.pfb><d:/
4_LaTex/texlive/2022/texmf-dist/fonts/type1/public/lm/lmtt10.pfb><d:/4_LaTex/te
xlive/2022/texmf-dist/fonts/type1/public/amsfonts/symbols/msam10.pfb><d:/4_LaTe
x/texlive/2022/texmf-dist/fonts/type1/urw/symbol/usyr.pfb><d:/4_LaTex/texlive/2
022/texmf-dist/fonts/type1/urw/symbol/usyr.pfb><d:/4_LaTex/texlive/2022/texmf-d
ist/fonts/type1/urw/times/utmb8a.pfb><d:/4_LaTex/texlive/2022/texmf-dist/fonts/
type1/urw/times/utmr8a.pfb><d:/4_LaTex/texlive/2022/texmf-dist/fonts/type1/urw/
times/utmri8a.pfb>
Output written on hw.pdf (17 pages, 4935159 bytes).
PDF statistics:
 1054 PDF objects out of 1200 (max. 8388607)
 773 compressed objects within 8 object streams
 126 named destinations out of 1000 (max. 500000)
 489 words of extra memory for PDF output out of 10000 (max. 10000000)

